2025-03-15 11:48:47,610 [INFO] Activator:176 - 


2025-03-15 11:48:47,629 [INFO] Activator:177 - !SESSION log4j initialized
2025-03-15 11:49:03,121 [INFO] LogOutputStream:77 - [STDOUT_REDIRECT] 
2025-03-15 11:49:08,947 [INFO] ApplicationProperties:184 - Using Application install path: C:\ST\STM32CubeIDE_1.17.0\STM32CubeIDE\plugins\com.st.stm32cube.common.mx_6.13.0.202411220809
2025-03-15 11:49:08,998 [INFO] DbMcusXml:78 - Set database path to: C:\ST\STM32CubeIDE_1.17.0\STM32CubeIDE\plugins\com.st.stm32cube.common.mx_6.13.0.202411220809\\db\/mcu/
2025-03-15 11:49:08,999 [INFO] ApiDb:274 - Set plugin database path to: C:\ST\STM32CubeIDE_1.17.0\STM32CubeIDE\plugins\com.st.stm32cube.common.mx_6.13.0.202411220809\\db\/plugins/boardmanager/
2025-03-15 11:49:09,000 [WARN] ApiDb:259 - Overriding images path with different value:  => C:\ST\STM32CubeIDE_1.17.0\STM32CubeIDE\plugins\com.st.stm32cube.common.mx_6.13.0.202411220809\\db\/plugins/mcufinder/images/
2025-03-15 11:49:09,026 [INFO] ApiDb:250 - Set database path to: C:\Users\141584\.stmcufinder\plugins\mcufinder//mcu/
2025-03-15 11:49:09,031 [INFO] DbMcusAds:125 - Set database path to: C:\Users\141584\.stmcufinder\plugins\mcufinder//mcu/
2025-03-15 11:49:09,038 [INFO] CrossReferenceDbSqlite:203 - Set database path to: C:\Users\141584\.stmcufinder\plugins\mcufinder//mcu/cs/
2025-03-15 11:49:09,381 [INFO] RulesReader:64 - Compatibility file has been processed (297 Rules)
2025-03-15 11:49:09,630 [INFO] DbMcusXml:78 - Set database path to: C:\ST\STM32CubeIDE_1.17.0\STM32CubeIDE\plugins\com.st.stm32cube.common.mx_6.13.0.202411220809\\db\/mcu/
2025-03-15 11:49:09,631 [INFO] ApiDb:274 - Set plugin database path to: C:\ST\STM32CubeIDE_1.17.0\STM32CubeIDE\plugins\com.st.stm32cube.common.mx_6.13.0.202411220809\\db\/plugins/boardmanager/
2025-03-15 11:49:09,631 [INFO] ApiDb:261 - Set plugin images path to: C:\ST\STM32CubeIDE_1.17.0\STM32CubeIDE\plugins\com.st.stm32cube.common.mx_6.13.0.202411220809\\db\/plugins/mcufinder/images/
2025-03-15 11:49:09,632 [WARN] DbFile:41 - Overriding database path with different value: C:\Users\141584\.stmcufinder\plugins\mcufinder/ => C:\Users\141584\.stmcufinder\plugins\mcufinder
2025-03-15 11:49:09,632 [INFO] ApiDb:250 - Set database path to: C:\Users\141584\.stmcufinder\plugins\mcufinder//mcu/
2025-03-15 11:49:09,632 [WARN] DbFile:41 - Overriding database path with different value: C:\Users\141584\.stmcufinder\plugins\mcufinder/ => C:\Users\141584\.stmcufinder\plugins\mcufinder
2025-03-15 11:49:09,633 [INFO] DbMcusAds:125 - Set database path to: C:\Users\141584\.stmcufinder\plugins\mcufinder//mcu/
2025-03-15 11:49:09,633 [WARN] DbFile:41 - Overriding database path with different value: C:\Users\141584\.stmcufinder\plugins\mcufinder/ => C:\Users\141584\.stmcufinder\plugins\mcufinder
2025-03-15 11:49:09,633 [WARN] DbFile:41 - Overriding database path with different value: C:\Users\141584\.stmcufinder\plugins\mcufinder/ => C:\Users\141584\.stmcufinder\plugins\mcufinder
2025-03-15 11:49:09,633 [INFO] CrossReferenceDbSqlite:203 - Set database path to: C:\Users\141584\.stmcufinder\plugins\mcufinder//mcu/cs/
2025-03-15 11:49:09,836 [INFO] MainPanel:272 - HeapMemory: 268435456
2025-03-15 11:49:10,185 [INFO] DbMcusXml:78 - Set database path to: C:\ST\STM32CubeIDE_1.17.0\STM32CubeIDE\plugins\com.st.stm32cube.common.mx_6.13.0.202411220809\\db\/mcu/
2025-03-15 11:49:10,185 [INFO] ApiDb:274 - Set plugin database path to: C:\ST\STM32CubeIDE_1.17.0\STM32CubeIDE\plugins\com.st.stm32cube.common.mx_6.13.0.202411220809\\db\/plugins/boardmanager/
2025-03-15 11:49:10,185 [INFO] ApiDb:261 - Set plugin images path to: C:\ST\STM32CubeIDE_1.17.0\STM32CubeIDE\plugins\com.st.stm32cube.common.mx_6.13.0.202411220809\\db\/plugins/mcufinder/images/
2025-03-15 11:49:10,186 [WARN] DbFile:41 - Overriding database path with different value: C:\Users\141584\.stmcufinder\plugins\mcufinder/ => C:\Users\141584\.stmcufinder\plugins\mcufinder
2025-03-15 11:49:10,187 [INFO] ApiDb:250 - Set database path to: C:\Users\141584\.stmcufinder\plugins\mcufinder//mcu/
2025-03-15 11:49:10,187 [WARN] DbFile:41 - Overriding database path with different value: C:\Users\141584\.stmcufinder\plugins\mcufinder/ => C:\Users\141584\.stmcufinder\plugins\mcufinder
2025-03-15 11:49:10,188 [INFO] DbMcusAds:125 - Set database path to: C:\Users\141584\.stmcufinder\plugins\mcufinder//mcu/
2025-03-15 11:49:10,188 [WARN] DbFile:41 - Overriding database path with different value: C:\Users\141584\.stmcufinder\plugins\mcufinder/ => C:\Users\141584\.stmcufinder\plugins\mcufinder
2025-03-15 11:49:10,189 [WARN] DbFile:41 - Overriding database path with different value: C:\Users\141584\.stmcufinder\plugins\mcufinder/ => C:\Users\141584\.stmcufinder\plugins\mcufinder
2025-03-15 11:49:10,189 [INFO] CrossReferenceDbSqlite:203 - Set database path to: C:\Users\141584\.stmcufinder\plugins\mcufinder//mcu/cs/
2025-03-15 11:49:10,253 [INFO] ApplicationProperties:184 - Using Application install path: C:\ST\STM32CubeIDE_1.17.0\STM32CubeIDE\plugins\com.st.stm32cube.common.mx_6.13.0.202411220809
2025-03-15 11:49:10,258 [INFO] PluginManage:196 - Search for loadable plugins [exclusion list=, ]
2025-03-15 11:49:10,263 [INFO] PluginManage:310 - Check plugin analytics
2025-03-15 11:49:10,797 [INFO] AnalyticsPlugin:253 - Accepted Software Licenses: 
2025-03-15 11:49:10,798 [INFO] AnalyticsPlugin:255 - Accepted CMSIS Pack Licenses: 
2025-03-15 11:49:10,798 [INFO] AnalyticsPlugin:257 - Accepted Firmware Licenses: FW.F4.1.28.0
2025-03-15 11:49:10,805 [INFO] PluginManage:359 - Loaded plugin analytics (category:tool,tabindex:-1)
2025-03-15 11:49:10,805 [INFO] PluginManage:310 - Check plugin cadmodel
2025-03-15 11:49:10,851 [INFO] CADModel:105 - Init CAD model plugin
2025-03-15 11:49:10,851 [INFO] PluginManage:359 - Loaded plugin cadmodel (category:power,tabindex:5)
2025-03-15 11:49:10,853 [INFO] PluginManage:310 - Check plugin clock
2025-03-15 11:49:10,906 [INFO] PluginManage:359 - Loaded plugin clock (category:base,tabindex:2)
2025-03-15 11:49:10,907 [INFO] PluginManage:310 - Check plugin ddr
2025-03-15 11:49:10,913 [INFO] PluginManage:359 - Loaded plugin ddr (category:tool,tabindex:6)
2025-03-15 11:49:10,913 [INFO] PluginManage:310 - Check plugin filemanager
2025-03-15 11:49:11,287 [INFO] PluginManage:359 - Loaded plugin filemanager (category:base,tabindex:10)
2025-03-15 11:49:11,287 [INFO] PluginManage:310 - Check plugin ipmanager
2025-03-15 11:49:11,305 [INFO] PluginManage:359 - Loaded plugin ipmanager (category:base,tabindex:5)
2025-03-15 11:49:11,306 [INFO] PluginManage:310 - Check plugin lpbam
2025-03-15 11:49:11,362 [INFO] PluginManage:359 - Loaded plugin lpbam (category:base,tabindex:0)
2025-03-15 11:49:11,363 [INFO] PluginManage:310 - Check plugin memorymap
2025-03-15 11:49:11,430 [INFO] PluginManage:359 - Loaded plugin memorymap (category:base,tabindex:4)
2025-03-15 11:49:11,430 [INFO] PluginManage:310 - Check plugin pinoutandconfiguration
2025-03-15 11:49:11,482 [INFO] PluginManage:359 - Loaded plugin pinoutandconfiguration (category:base,tabindex:1)
2025-03-15 11:49:11,482 [INFO] PluginManage:310 - Check plugin pinoutconfig
2025-03-15 11:49:11,791 [WARN] SupportedApi:132 - Cannot load RTOS API schema: s4s-elt-must-match.1: The content of 'definitions' must match (annotation?, (simpleType | complexType)?, (unique | key | keyref)*)). A problem was found starting at: attribute.
2025-03-15 11:49:12,173 [INFO] PluginManage:359 - Loaded plugin pinoutconfig (category:base,tabindex:0)
2025-03-15 11:49:12,174 [INFO] PluginManage:310 - Check plugin power
2025-03-15 11:49:12,240 [INFO] PluginManage:359 - Loaded plugin power (category:power,tabindex:4)
2025-03-15 11:49:12,240 [INFO] PluginManage:310 - Check plugin projectmanager
2025-03-15 11:49:12,285 [INFO] PluginManage:359 - Loaded plugin projectmanager (category:projectmanager,tabindex:4)
2025-03-15 11:49:12,285 [INFO] PluginManage:310 - Check plugin rif
2025-03-15 11:49:12,341 [INFO] PluginManage:359 - Loaded plugin rif (category:base,tabindex:3)
2025-03-15 11:49:12,342 [INFO] PluginManage:310 - Check plugin thirdparty
2025-03-15 11:49:13,271 [INFO] PluginManage:359 - Loaded plugin thirdparty (category:base,tabindex:-1)
2025-03-15 11:49:13,271 [WARN] IntegrityCheckThread:84 - waiting for thirdparty lock release [integrity check]
2025-03-15 11:49:13,272 [INFO] PluginManage:310 - Check plugin tools
2025-03-15 11:49:13,273 [INFO] IntegrityCheckThread:86 - entering critical section [integrity check]
2025-03-15 11:49:13,273 [INFO] ThirdPartyUpdaterWithRetryManager:70 - Updater plugin not ready yet. [1/15]
2025-03-15 11:49:13,405 [INFO] PluginManage:359 - Loaded plugin tools (category:base,tabindex:7)
2025-03-15 11:49:13,406 [INFO] PluginManage:310 - Check plugin tutovideos
2025-03-15 11:49:14,196 [INFO] PluginManage:359 - Loaded plugin tutovideos (category:base,tabindex:-1)
2025-03-15 11:49:14,196 [INFO] PluginManage:310 - Check plugin updater
2025-03-15 11:49:14,256 [INFO] PluginManage:359 - Loaded plugin updater (category:base,tabindex:12)
2025-03-15 11:49:14,257 [INFO] PluginManage:310 - Check plugin userauth
2025-03-15 11:49:14,270 [INFO] UserAuth:118 - Init User Auth plugin
2025-03-15 11:49:14,273 [INFO] PluginManage:359 - Loaded plugin userauth (category:base,tabindex:14)
2025-03-15 11:49:14,274 [INFO] PluginManage:283 - PluginManage : Loaded plugins [18]
2025-03-15 11:49:14,868 [INFO] PinOutPanel:1589 - setPackage(No Configuration,No Configuration)
2025-03-15 11:49:15,211 [INFO] CADModel:165 - CPN selected for project level
2025-03-15 11:49:15,212 [INFO] CADModel:114 - Register for checkConnection events
2025-03-15 11:49:15,320 [INFO] IPUIPlugin:80 - create IPUIPlugin
2025-03-15 11:49:15,321 [INFO] PluginManager:220 - loadIPPluginJar : add adc
2025-03-15 11:49:15,509 [INFO] IPUIPlugin:80 - create IPUIPlugin
2025-03-15 11:49:15,509 [INFO] PluginManager:220 - loadIPPluginJar : add aes
2025-03-15 11:49:15,645 [INFO] IPUIPlugin:80 - create IPUIPlugin
2025-03-15 11:49:15,645 [INFO] PluginManager:220 - loadIPPluginJar : add can
2025-03-15 11:49:15,730 [INFO] IPUIPlugin:80 - create IPUIPlugin
2025-03-15 11:49:15,730 [INFO] PluginManager:220 - loadIPPluginJar : add comp
2025-03-15 11:49:15,844 [INFO] IPUIPlugin:80 - create IPUIPlugin
2025-03-15 11:49:15,844 [INFO] PluginManager:220 - loadIPPluginJar : add cryp
2025-03-15 11:49:15,878 [INFO] IPUIPlugin:80 - create IPUIPlugin
2025-03-15 11:49:15,880 [INFO] PluginManager:220 - loadIPPluginJar : add ddr_ctrl_phy
2025-03-15 11:49:15,989 [INFO] IPUIPlugin:80 - create IPUIPlugin
2025-03-15 11:49:15,989 [INFO] PluginManager:220 - loadIPPluginJar : add dfsdm
2025-03-15 11:49:16,027 [INFO] IPUIPlugin:80 - create IPUIPlugin
2025-03-15 11:49:16,028 [INFO] PluginManager:220 - loadIPPluginJar : add dma
2025-03-15 11:49:16,170 [INFO] IPUIPlugin:80 - create IPUIPlugin
2025-03-15 11:49:16,170 [INFO] PluginManager:220 - loadIPPluginJar : add dma3
2025-03-15 11:49:16,280 [INFO] ThirdPartyUpdaterWithRetryManager:70 - Updater plugin not ready yet. [2/15]
2025-03-15 11:49:16,315 [INFO] IPUIPlugin:80 - create IPUIPlugin
2025-03-15 11:49:16,315 [INFO] PluginManager:220 - loadIPPluginJar : add extmemmanager
2025-03-15 11:49:16,403 [INFO] IPUIPlugin:80 - create IPUIPlugin
2025-03-15 11:49:16,404 [INFO] PluginManager:220 - loadIPPluginJar : add fatfs
2025-03-15 11:49:16,553 [INFO] IPUIPlugin:80 - create IPUIPlugin
2025-03-15 11:49:16,554 [INFO] PluginManager:220 - loadIPPluginJar : add fmc
2025-03-15 11:49:16,597 [INFO] IPUIPlugin:80 - create IPUIPlugin
2025-03-15 11:49:16,598 [INFO] PluginManager:220 - loadIPPluginJar : add freertos
2025-03-15 11:49:16,670 [INFO] IPUIPlugin:80 - create IPUIPlugin
2025-03-15 11:49:16,670 [INFO] PluginManager:220 - loadIPPluginJar : add genericplugin
2025-03-15 11:49:17,016 [INFO] IPUIPlugin:80 - create IPUIPlugin
2025-03-15 11:49:17,016 [INFO] PluginManager:220 - loadIPPluginJar : add gfxmmu
2025-03-15 11:49:17,439 [INFO] IPUIPlugin:80 - create IPUIPlugin
2025-03-15 11:49:17,440 [INFO] PluginManager:220 - loadIPPluginJar : add gic
2025-03-15 11:49:17,477 [INFO] IPUIPlugin:80 - create IPUIPlugin
2025-03-15 11:49:17,478 [INFO] PluginManager:220 - loadIPPluginJar : add gpio
2025-03-15 11:49:17,801 [INFO] IPUIPlugin:80 - create IPUIPlugin
2025-03-15 11:49:17,801 [INFO] PluginManager:220 - loadIPPluginJar : add gtzc
2025-03-15 11:49:17,914 [INFO] IPUIPlugin:80 - create IPUIPlugin
2025-03-15 11:49:17,915 [INFO] PluginManager:220 - loadIPPluginJar : add hash
2025-03-15 11:49:18,093 [INFO] IPUIPlugin:80 - create IPUIPlugin
2025-03-15 11:49:18,093 [INFO] PluginManager:220 - loadIPPluginJar : add i2c
2025-03-15 11:49:18,260 [INFO] IPUIPlugin:80 - create IPUIPlugin
2025-03-15 11:49:18,260 [INFO] PluginManager:220 - loadIPPluginJar : add i2s
2025-03-15 11:49:18,438 [INFO] IPUIPlugin:80 - create IPUIPlugin
2025-03-15 11:49:18,439 [INFO] PluginManager:220 - loadIPPluginJar : add i3c
2025-03-15 11:49:18,814 [INFO] IPUIPlugin:80 - create IPUIPlugin
2025-03-15 11:49:18,814 [INFO] PluginManager:220 - loadIPPluginJar : add ipddr
2025-03-15 11:49:19,105 [INFO] IPUIPlugin:80 - create IPUIPlugin
2025-03-15 11:49:19,105 [INFO] PluginManager:220 - loadIPPluginJar : add linkedlist
2025-03-15 11:49:19,229 [INFO] IPUIPlugin:80 - create IPUIPlugin
2025-03-15 11:49:19,229 [INFO] PluginManager:220 - loadIPPluginJar : add lorawan
2025-03-15 11:49:19,289 [INFO] ThirdPartyUpdaterWithRetryManager:70 - Updater plugin not ready yet. [3/15]
2025-03-15 11:49:19,376 [INFO] IPUIPlugin:80 - create IPUIPlugin
2025-03-15 11:49:19,376 [INFO] PluginManager:220 - loadIPPluginJar : add ltdc
2025-03-15 11:49:19,426 [INFO] IPUIPlugin:80 - create IPUIPlugin
2025-03-15 11:49:19,426 [INFO] PluginManager:220 - loadIPPluginJar : add mdma
2025-03-15 11:49:19,467 [INFO] IPUIPlugin:80 - create IPUIPlugin
2025-03-15 11:49:19,467 [INFO] PluginManager:220 - loadIPPluginJar : add nvic
2025-03-15 11:49:19,615 [INFO] IPUIPlugin:80 - create IPUIPlugin
2025-03-15 11:49:19,615 [INFO] PluginManager:220 - loadIPPluginJar : add opamp
2025-03-15 11:49:19,816 [INFO] IPUIPlugin:80 - create IPUIPlugin
2025-03-15 11:49:19,818 [INFO] PluginManager:220 - loadIPPluginJar : add openamp
2025-03-15 11:49:19,961 [INFO] IPUIPlugin:80 - create IPUIPlugin
2025-03-15 11:49:19,961 [INFO] PluginManager:220 - loadIPPluginJar : add pdm2pcm
2025-03-15 11:49:20,008 [INFO] IPUIPlugin:80 - create IPUIPlugin
2025-03-15 11:49:20,014 [INFO] PluginManager:220 - loadIPPluginJar : add plateformsettings
2025-03-15 11:49:20,114 [INFO] IPUIPlugin:80 - create IPUIPlugin
2025-03-15 11:49:20,115 [INFO] PluginManager:220 - loadIPPluginJar : add quadspi
2025-03-15 11:49:20,226 [INFO] IPUIPlugin:80 - create IPUIPlugin
2025-03-15 11:49:20,227 [INFO] PluginManager:220 - loadIPPluginJar : add radio
2025-03-15 11:49:20,271 [INFO] IPUIPlugin:80 - create IPUIPlugin
2025-03-15 11:49:20,272 [INFO] PluginManager:220 - loadIPPluginJar : add resmgrutility
2025-03-15 11:49:20,437 [INFO] IPUIPlugin:80 - create IPUIPlugin
2025-03-15 11:49:20,438 [INFO] PluginManager:220 - loadIPPluginJar : add sai
2025-03-15 11:49:20,559 [INFO] IPUIPlugin:80 - create IPUIPlugin
2025-03-15 11:49:20,559 [INFO] PluginManager:220 - loadIPPluginJar : add spi
2025-03-15 11:49:20,799 [INFO] IPUIPlugin:80 - create IPUIPlugin
2025-03-15 11:49:20,800 [INFO] PluginManager:220 - loadIPPluginJar : add stm32_wpan
2025-03-15 11:49:20,883 [INFO] IPUIPlugin:80 - create IPUIPlugin
2025-03-15 11:49:20,884 [INFO] PluginManager:220 - loadIPPluginJar : add tim
2025-03-15 11:49:21,092 [INFO] IPUIPlugin:80 - create IPUIPlugin
2025-03-15 11:49:21,092 [INFO] PluginManager:220 - loadIPPluginJar : add touchsensing
2025-03-15 11:49:21,164 [INFO] IPUIPlugin:80 - create IPUIPlugin
2025-03-15 11:49:21,164 [INFO] PluginManager:220 - loadIPPluginJar : add tracer_emb
2025-03-15 11:49:21,265 [INFO] IPUIPlugin:80 - create IPUIPlugin
2025-03-15 11:49:21,265 [INFO] PluginManager:220 - loadIPPluginJar : add ts
2025-03-15 11:49:21,360 [INFO] IPUIPlugin:80 - create IPUIPlugin
2025-03-15 11:49:21,360 [INFO] PluginManager:220 - loadIPPluginJar : add tsc
2025-03-15 11:49:21,441 [INFO] IPUIPlugin:80 - create IPUIPlugin
2025-03-15 11:49:21,441 [INFO] PluginManager:220 - loadIPPluginJar : add ucpd
2025-03-15 11:49:21,589 [INFO] IPUIPlugin:80 - create IPUIPlugin
2025-03-15 11:49:21,589 [INFO] PluginManager:220 - loadIPPluginJar : add usart
2025-03-15 11:49:21,762 [INFO] IPUIPlugin:80 - create IPUIPlugin
2025-03-15 11:49:21,763 [INFO] PluginManager:220 - loadIPPluginJar : add usbx
2025-03-15 11:49:22,005 [FATAL] Updater:351 - Updater called before beeing initialized
2025-03-15 11:49:22,074 [INFO] RulesReader:64 - Compatibility file has been processed (297 Rules)
2025-03-15 11:49:22,107 [INFO] RulesReader:64 - Compatibility file has been processed (297 Rules)
2025-03-15 11:49:22,134 [INFO] CADModel:165 - CPN selected for project level
2025-03-15 11:49:22,134 [INFO] CADModel:114 - Register for checkConnection events
2025-03-15 11:49:22,134 [FATAL] Updater:351 - Updater called before beeing initialized
2025-03-15 11:49:22,135 [ERROR] CADModel:125 - Updater not yet initialized, retry later 
2025-03-15 11:49:22,298 [INFO] ThirdPartyUpdaterWithRetryManager:70 - Updater plugin not ready yet. [4/15]
2025-03-15 11:49:22,602 [FATAL] Updater:351 - Updater called before beeing initialized
2025-03-15 11:49:22,609 [INFO] CADModel:165 - CPN selected for project level
2025-03-15 11:49:22,609 [INFO] CADModel:114 - Register for checkConnection events
2025-03-15 11:49:22,609 [FATAL] Updater:351 - Updater called before beeing initialized
2025-03-15 11:49:22,610 [ERROR] CADModel:125 - Updater not yet initialized, retry later 
2025-03-15 11:49:22,619 [FATAL] Updater:351 - Updater called before beeing initialized
2025-03-15 11:49:22,914 [FATAL] Updater:351 - Updater called before beeing initialized
2025-03-15 11:49:22,944 [INFO] DbMcusAds:53 - JSON generation date=Thu Mar 06 20:24:21 IST 2025 (1741272861825)
2025-03-15 11:49:22,944 [FATAL] Updater:351 - Updater called before beeing initialized
2025-03-15 11:49:23,080 [WARN] DetailPanel:346 - Failed to get advertising image, set to default
2025-03-15 11:49:23,903 [FATAL] Updater:351 - Updater called before beeing initialized
2025-03-15 11:49:23,910 [FATAL] Updater:351 - Updater called before beeing initialized
2025-03-15 11:49:23,911 [FATAL] Updater:351 - Updater called before beeing initialized
2025-03-15 11:49:23,911 [WARN] DetailPanel:346 - Failed to get advertising image, set to default
2025-03-15 11:49:23,914 [FATAL] Updater:351 - Updater called before beeing initialized
2025-03-15 11:49:24,092 [ERROR] Updater:1198 - MainUpdater not yet initialized. External WinMGr cannot be set.
2025-03-15 11:49:24,120 [INFO] Updater:1134 - Updater Version found : 6.13.0
2025-03-15 11:49:24,162 [INFO] ApplicationProperties:184 - Using Application install path: C:\ST\STM32CubeIDE_1.17.0\STM32CubeIDE\plugins\com.st.stm32cube.common.mx_6.13.0.202411220809
2025-03-15 11:49:25,317 [FATAL] Updater:351 - Updater called before beeing initialized
2025-03-15 11:49:25,319 [ERROR] IntegrityCheckThread:130 - Cannot retrieve database content from updater: error 21
2025-03-15 11:49:25,320 [INFO] ThirdParty:978 - Integrity check success = false
2025-03-15 11:49:25,321 [INFO] IntegrityCheckThread:100 - exiting critical section [integrity check]
2025-03-15 11:49:25,321 [INFO] IntegrityCheckThread:103 - End integrity checks thread
2025-03-15 11:49:25,820 [ERROR] LogOutputStream:75 - [STDERR_REDIRECT] Mar 15, 2025 11:49:25 AM java.util.prefs.WindowsPreferences <init>
2025-03-15 11:49:25,826 [ERROR] LogOutputStream:75 - [STDERR_REDIRECT] WARNING: Could not open/create prefs root node Software\JavaSoft\Prefs at root 0xffffffff80000002. Windows RegCreateKeyEx(...) returned error code 5.
2025-03-15 11:49:25,828 [ERROR] LogOutputStream:75 - [STDERR_REDIRECT] 
2025-03-15 11:49:26,751 [INFO] MainUpdater:2872 - connection check result : 10
2025-03-15 11:49:26,755 [INFO] MainUpdater:289 - Updater Check For Update Now.
2025-03-15 11:49:26,756 [INFO] MicroXplorer:498 - Change Database Version : DB.6.0.130
2025-03-15 11:49:26,864 [INFO] McuFinderGlobals:63 - Set McuFinder mode to 2 (CubeIDE integrated)
2025-03-15 11:49:26,865 [INFO] UserAuth:171 - activating auth plugin
2025-03-15 11:49:26,879 [INFO] UserAuth:486 - Internet connection configuration mode: 1
2025-03-15 11:49:26,945 [INFO] JxBrowserEngine:152 - Initiate JxBrowser Engine with user profile folder
2025-03-15 11:49:27,162 [INFO] CheckServerUpdateThread:120 - End of CheckServer Thread
2025-03-15 11:49:30,582 [INFO] WebApp:168 - Instantiating new browser for Auth
2025-03-15 11:49:32,745 [INFO] WebApp:449 - Apply proxy settings
2025-03-15 11:49:32,745 [INFO] WebApp:534 - Chromium requires no authentication
2025-03-15 11:49:32,778 [INFO] WebApp:477 - Direct internet connection detected
2025-03-15 11:49:32,859 [INFO] WebApp:880 - Register for checkConnection events
2025-03-15 11:49:32,860 [INFO] WebApp:449 - Apply proxy settings
2025-03-15 11:49:32,860 [INFO] WebApp:534 - Chromium requires no authentication
2025-03-15 11:49:32,862 [INFO] WebApp:477 - Direct internet connection detected
2025-03-15 11:49:33,430 [INFO] WebApp:187 - Connection restablished
2025-03-15 11:49:34,026 [INFO] WebApp:221 - Starting web application
2025-03-15 11:49:34,027 [INFO] WebApp:579 - Web application path used C:\ST\STM32CubeIDE_1.17.0\STM32CubeIDE\plugins\com.st.stm32cube.common.mx_6.13.0.202411220809\db\plugins\mcufinder\reactClient1\index.html
2025-03-15 12:21:05,495 [INFO] WebApp:190 - Connection lost
2025-03-15 12:21:09,047 [ERROR] LogOutputStream:75 - [STDERR_REDIRECT] 12:21:09.044 ERROR Chromium process exit code: -2,147,483,645
2025-03-15 12:21:09,048 [ERROR] LogOutputStream:75 - [STDERR_REDIRECT] 
2025-03-15 12:21:09,050 [ERROR] LogOutputStream:75 - [STDERR_REDIRECT] 12:21:09.048 ERROR Crash dump dir: C:\Users\141584\AppData\Local\JxBrowser\7.39.2\CrashReports
2025-03-15 12:21:09,051 [ERROR] LogOutputStream:75 - [STDERR_REDIRECT] 
2025-03-15 12:21:09,052 [ERROR] WebApp:398 - JxBrowser engine crashed! Exit code: -2147483645
2025-03-15 12:25:09,015 [ERROR] LogOutputStream:75 - [STDERR_REDIRECT] 
2025-03-15 12:25:09,017 [ERROR] LogOutputStream:75 - [STDERR_REDIRECT] 
