2025-03-14 18:09:47,706 [INFO] Activator:176 - 


2025-03-14 18:09:47,711 [INFO] Activator:177 - !SESSION log4j initialized
2025-03-14 18:09:53,326 [INFO] LogOutputStream:77 - [STDOUT_REDIRECT] 
2025-03-14 18:09:56,581 [INFO] ApplicationProperties:184 - Using Application install path: C:\ST\STM32CubeIDE_1.17.0\STM32CubeIDE\plugins\com.st.stm32cube.common.mx_6.13.0.202411220809
2025-03-14 18:09:56,596 [INFO] DbMcusXml:78 - Set database path to: C:\ST\STM32CubeIDE_1.17.0\STM32CubeIDE\plugins\com.st.stm32cube.common.mx_6.13.0.202411220809\\db\/mcu/
2025-03-14 18:09:56,596 [INFO] ApiDb:274 - Set plugin database path to: C:\ST\STM32CubeIDE_1.17.0\STM32CubeIDE\plugins\com.st.stm32cube.common.mx_6.13.0.202411220809\\db\/plugins/boardmanager/
2025-03-14 18:09:56,597 [WARN] ApiDb:259 - Overriding images path with different value:  => C:\ST\STM32CubeIDE_1.17.0\STM32CubeIDE\plugins\com.st.stm32cube.common.mx_6.13.0.202411220809\\db\/plugins/mcufinder/images/
2025-03-14 18:09:56,601 [INFO] ApiDb:250 - Set database path to: C:\Users\141584\.stmcufinder\plugins\mcufinder//mcu/
2025-03-14 18:09:56,602 [INFO] DbMcusAds:125 - Set database path to: C:\Users\141584\.stmcufinder\plugins\mcufinder//mcu/
2025-03-14 18:09:56,605 [INFO] CrossReferenceDbSqlite:203 - Set database path to: C:\Users\141584\.stmcufinder\plugins\mcufinder//mcu/cs/
2025-03-14 18:09:56,748 [INFO] RulesReader:64 - Compatibility file has been processed (297 Rules)
2025-03-14 18:09:56,842 [INFO] DbMcusXml:78 - Set database path to: C:\ST\STM32CubeIDE_1.17.0\STM32CubeIDE\plugins\com.st.stm32cube.common.mx_6.13.0.202411220809\\db\/mcu/
2025-03-14 18:09:56,842 [INFO] ApiDb:274 - Set plugin database path to: C:\ST\STM32CubeIDE_1.17.0\STM32CubeIDE\plugins\com.st.stm32cube.common.mx_6.13.0.202411220809\\db\/plugins/boardmanager/
2025-03-14 18:09:56,842 [INFO] ApiDb:261 - Set plugin images path to: C:\ST\STM32CubeIDE_1.17.0\STM32CubeIDE\plugins\com.st.stm32cube.common.mx_6.13.0.202411220809\\db\/plugins/mcufinder/images/
2025-03-14 18:09:56,842 [WARN] DbFile:41 - Overriding database path with different value: C:\Users\141584\.stmcufinder\plugins\mcufinder/ => C:\Users\141584\.stmcufinder\plugins\mcufinder
2025-03-14 18:09:56,842 [INFO] ApiDb:250 - Set database path to: C:\Users\141584\.stmcufinder\plugins\mcufinder//mcu/
2025-03-14 18:09:56,842 [WARN] DbFile:41 - Overriding database path with different value: C:\Users\141584\.stmcufinder\plugins\mcufinder/ => C:\Users\141584\.stmcufinder\plugins\mcufinder
2025-03-14 18:09:56,842 [INFO] DbMcusAds:125 - Set database path to: C:\Users\141584\.stmcufinder\plugins\mcufinder//mcu/
2025-03-14 18:09:56,843 [WARN] DbFile:41 - Overriding database path with different value: C:\Users\141584\.stmcufinder\plugins\mcufinder/ => C:\Users\141584\.stmcufinder\plugins\mcufinder
2025-03-14 18:09:56,843 [WARN] DbFile:41 - Overriding database path with different value: C:\Users\141584\.stmcufinder\plugins\mcufinder/ => C:\Users\141584\.stmcufinder\plugins\mcufinder
2025-03-14 18:09:56,843 [INFO] CrossReferenceDbSqlite:203 - Set database path to: C:\Users\141584\.stmcufinder\plugins\mcufinder//mcu/cs/
2025-03-14 18:09:56,912 [INFO] MainPanel:272 - HeapMemory: 268435456
2025-03-14 18:09:56,989 [INFO] DbMcusXml:78 - Set database path to: C:\ST\STM32CubeIDE_1.17.0\STM32CubeIDE\plugins\com.st.stm32cube.common.mx_6.13.0.202411220809\\db\/mcu/
2025-03-14 18:09:56,990 [INFO] ApiDb:274 - Set plugin database path to: C:\ST\STM32CubeIDE_1.17.0\STM32CubeIDE\plugins\com.st.stm32cube.common.mx_6.13.0.202411220809\\db\/plugins/boardmanager/
2025-03-14 18:09:56,990 [INFO] ApiDb:261 - Set plugin images path to: C:\ST\STM32CubeIDE_1.17.0\STM32CubeIDE\plugins\com.st.stm32cube.common.mx_6.13.0.202411220809\\db\/plugins/mcufinder/images/
2025-03-14 18:09:56,991 [WARN] DbFile:41 - Overriding database path with different value: C:\Users\141584\.stmcufinder\plugins\mcufinder/ => C:\Users\141584\.stmcufinder\plugins\mcufinder
2025-03-14 18:09:56,991 [INFO] ApiDb:250 - Set database path to: C:\Users\141584\.stmcufinder\plugins\mcufinder//mcu/
2025-03-14 18:09:56,991 [WARN] DbFile:41 - Overriding database path with different value: C:\Users\141584\.stmcufinder\plugins\mcufinder/ => C:\Users\141584\.stmcufinder\plugins\mcufinder
2025-03-14 18:09:56,991 [INFO] DbMcusAds:125 - Set database path to: C:\Users\141584\.stmcufinder\plugins\mcufinder//mcu/
2025-03-14 18:09:56,991 [WARN] DbFile:41 - Overriding database path with different value: C:\Users\141584\.stmcufinder\plugins\mcufinder/ => C:\Users\141584\.stmcufinder\plugins\mcufinder
2025-03-14 18:09:56,991 [WARN] DbFile:41 - Overriding database path with different value: C:\Users\141584\.stmcufinder\plugins\mcufinder/ => C:\Users\141584\.stmcufinder\plugins\mcufinder
2025-03-14 18:09:56,991 [INFO] CrossReferenceDbSqlite:203 - Set database path to: C:\Users\141584\.stmcufinder\plugins\mcufinder//mcu/cs/
2025-03-14 18:09:57,008 [INFO] ApplicationProperties:184 - Using Application install path: C:\ST\STM32CubeIDE_1.17.0\STM32CubeIDE\plugins\com.st.stm32cube.common.mx_6.13.0.202411220809
2025-03-14 18:09:57,010 [INFO] PluginManage:196 - Search for loadable plugins [exclusion list=, ]
2025-03-14 18:09:57,012 [INFO] PluginManage:310 - Check plugin analytics
2025-03-14 18:09:57,276 [INFO] AnalyticsPlugin:253 - Accepted Software Licenses: 
2025-03-14 18:09:57,276 [INFO] AnalyticsPlugin:255 - Accepted CMSIS Pack Licenses: 
2025-03-14 18:09:57,277 [INFO] AnalyticsPlugin:257 - Accepted Firmware Licenses: FW.F4.1.28.0
2025-03-14 18:09:57,280 [INFO] PluginManage:359 - Loaded plugin analytics (category:tool,tabindex:-1)
2025-03-14 18:09:57,282 [INFO] PluginManage:310 - Check plugin cadmodel
2025-03-14 18:09:57,304 [INFO] CADModel:105 - Init CAD model plugin
2025-03-14 18:09:57,304 [INFO] PluginManage:359 - Loaded plugin cadmodel (category:power,tabindex:5)
2025-03-14 18:09:57,305 [INFO] PluginManage:310 - Check plugin clock
2025-03-14 18:09:57,330 [INFO] PluginManage:359 - Loaded plugin clock (category:base,tabindex:2)
2025-03-14 18:09:57,330 [INFO] PluginManage:310 - Check plugin ddr
2025-03-14 18:09:57,333 [INFO] PluginManage:359 - Loaded plugin ddr (category:tool,tabindex:6)
2025-03-14 18:09:57,333 [INFO] PluginManage:310 - Check plugin filemanager
2025-03-14 18:09:57,510 [INFO] PluginManage:359 - Loaded plugin filemanager (category:base,tabindex:10)
2025-03-14 18:09:57,510 [INFO] PluginManage:310 - Check plugin ipmanager
2025-03-14 18:09:57,529 [INFO] PluginManage:359 - Loaded plugin ipmanager (category:base,tabindex:5)
2025-03-14 18:09:57,529 [INFO] PluginManage:310 - Check plugin lpbam
2025-03-14 18:09:57,559 [INFO] PluginManage:359 - Loaded plugin lpbam (category:base,tabindex:0)
2025-03-14 18:09:57,560 [INFO] PluginManage:310 - Check plugin memorymap
2025-03-14 18:09:57,612 [INFO] PluginManage:359 - Loaded plugin memorymap (category:base,tabindex:4)
2025-03-14 18:09:57,612 [INFO] PluginManage:310 - Check plugin pinoutandconfiguration
2025-03-14 18:09:57,648 [INFO] PluginManage:359 - Loaded plugin pinoutandconfiguration (category:base,tabindex:1)
2025-03-14 18:09:57,648 [INFO] PluginManage:310 - Check plugin pinoutconfig
2025-03-14 18:09:57,775 [WARN] SupportedApi:132 - Cannot load RTOS API schema: s4s-elt-must-match.1: The content of 'definitions' must match (annotation?, (simpleType | complexType)?, (unique | key | keyref)*)). A problem was found starting at: attribute.
2025-03-14 18:09:57,906 [INFO] PluginManage:359 - Loaded plugin pinoutconfig (category:base,tabindex:0)
2025-03-14 18:09:57,906 [INFO] PluginManage:310 - Check plugin power
2025-03-14 18:09:57,927 [INFO] PluginManage:359 - Loaded plugin power (category:power,tabindex:4)
2025-03-14 18:09:57,927 [INFO] PluginManage:310 - Check plugin projectmanager
2025-03-14 18:09:57,945 [INFO] PluginManage:359 - Loaded plugin projectmanager (category:projectmanager,tabindex:4)
2025-03-14 18:09:57,946 [INFO] PluginManage:310 - Check plugin rif
2025-03-14 18:09:57,974 [INFO] PluginManage:359 - Loaded plugin rif (category:base,tabindex:3)
2025-03-14 18:09:57,974 [INFO] PluginManage:310 - Check plugin thirdparty
2025-03-14 18:09:58,322 [INFO] PluginManage:359 - Loaded plugin thirdparty (category:base,tabindex:-1)
2025-03-14 18:09:58,322 [WARN] IntegrityCheckThread:84 - waiting for thirdparty lock release [integrity check]
2025-03-14 18:09:58,322 [INFO] PluginManage:310 - Check plugin tools
2025-03-14 18:09:58,322 [INFO] IntegrityCheckThread:86 - entering critical section [integrity check]
2025-03-14 18:09:58,322 [INFO] ThirdPartyUpdaterWithRetryManager:70 - Updater plugin not ready yet. [1/15]
2025-03-14 18:09:58,377 [INFO] PluginManage:359 - Loaded plugin tools (category:base,tabindex:7)
2025-03-14 18:09:58,377 [INFO] PluginManage:310 - Check plugin tutovideos
2025-03-14 18:09:58,553 [INFO] PluginManage:359 - Loaded plugin tutovideos (category:base,tabindex:-1)
2025-03-14 18:09:58,553 [INFO] PluginManage:310 - Check plugin updater
2025-03-14 18:09:58,572 [INFO] PluginManage:359 - Loaded plugin updater (category:base,tabindex:12)
2025-03-14 18:09:58,572 [INFO] PluginManage:310 - Check plugin userauth
2025-03-14 18:09:58,575 [INFO] UserAuth:118 - Init User Auth plugin
2025-03-14 18:09:58,577 [INFO] PluginManage:359 - Loaded plugin userauth (category:base,tabindex:14)
2025-03-14 18:09:58,578 [INFO] PluginManage:283 - PluginManage : Loaded plugins [18]
2025-03-14 18:09:58,769 [INFO] PinOutPanel:1589 - setPackage(No Configuration,No Configuration)
2025-03-14 18:09:58,861 [INFO] CADModel:165 - CPN selected for project level
2025-03-14 18:09:58,861 [INFO] CADModel:114 - Register for checkConnection events
2025-03-14 18:09:58,887 [INFO] IPUIPlugin:80 - create IPUIPlugin
2025-03-14 18:09:58,887 [INFO] PluginManager:220 - loadIPPluginJar : add adc
2025-03-14 18:09:58,944 [INFO] IPUIPlugin:80 - create IPUIPlugin
2025-03-14 18:09:58,944 [INFO] PluginManager:220 - loadIPPluginJar : add aes
2025-03-14 18:09:59,012 [INFO] IPUIPlugin:80 - create IPUIPlugin
2025-03-14 18:09:59,012 [INFO] PluginManager:220 - loadIPPluginJar : add can
2025-03-14 18:09:59,052 [INFO] IPUIPlugin:80 - create IPUIPlugin
2025-03-14 18:09:59,052 [INFO] PluginManager:220 - loadIPPluginJar : add comp
2025-03-14 18:09:59,112 [INFO] IPUIPlugin:80 - create IPUIPlugin
2025-03-14 18:09:59,112 [INFO] PluginManager:220 - loadIPPluginJar : add cryp
2025-03-14 18:09:59,127 [INFO] IPUIPlugin:80 - create IPUIPlugin
2025-03-14 18:09:59,127 [INFO] PluginManager:220 - loadIPPluginJar : add ddr_ctrl_phy
2025-03-14 18:09:59,179 [INFO] IPUIPlugin:80 - create IPUIPlugin
2025-03-14 18:09:59,179 [INFO] PluginManager:220 - loadIPPluginJar : add dfsdm
2025-03-14 18:09:59,201 [INFO] IPUIPlugin:80 - create IPUIPlugin
2025-03-14 18:09:59,202 [INFO] PluginManager:220 - loadIPPluginJar : add dma
2025-03-14 18:09:59,284 [INFO] IPUIPlugin:80 - create IPUIPlugin
2025-03-14 18:09:59,284 [INFO] PluginManager:220 - loadIPPluginJar : add dma3
2025-03-14 18:09:59,361 [INFO] IPUIPlugin:80 - create IPUIPlugin
2025-03-14 18:09:59,361 [INFO] PluginManager:220 - loadIPPluginJar : add extmemmanager
2025-03-14 18:09:59,397 [INFO] IPUIPlugin:80 - create IPUIPlugin
2025-03-14 18:09:59,398 [INFO] PluginManager:220 - loadIPPluginJar : add fatfs
2025-03-14 18:09:59,476 [INFO] IPUIPlugin:80 - create IPUIPlugin
2025-03-14 18:09:59,476 [INFO] PluginManager:220 - loadIPPluginJar : add fmc
2025-03-14 18:09:59,496 [INFO] IPUIPlugin:80 - create IPUIPlugin
2025-03-14 18:09:59,496 [INFO] PluginManager:220 - loadIPPluginJar : add freertos
2025-03-14 18:09:59,533 [INFO] IPUIPlugin:80 - create IPUIPlugin
2025-03-14 18:09:59,534 [INFO] PluginManager:220 - loadIPPluginJar : add genericplugin
2025-03-14 18:09:59,704 [INFO] IPUIPlugin:80 - create IPUIPlugin
2025-03-14 18:09:59,704 [INFO] PluginManager:220 - loadIPPluginJar : add gfxmmu
2025-03-14 18:09:59,929 [INFO] IPUIPlugin:80 - create IPUIPlugin
2025-03-14 18:09:59,929 [INFO] PluginManager:220 - loadIPPluginJar : add gic
2025-03-14 18:09:59,949 [INFO] IPUIPlugin:80 - create IPUIPlugin
2025-03-14 18:09:59,949 [INFO] PluginManager:220 - loadIPPluginJar : add gpio
2025-03-14 18:10:00,111 [INFO] IPUIPlugin:80 - create IPUIPlugin
2025-03-14 18:10:00,111 [INFO] PluginManager:220 - loadIPPluginJar : add gtzc
2025-03-14 18:10:00,160 [INFO] IPUIPlugin:80 - create IPUIPlugin
2025-03-14 18:10:00,160 [INFO] PluginManager:220 - loadIPPluginJar : add hash
2025-03-14 18:10:00,249 [INFO] IPUIPlugin:80 - create IPUIPlugin
2025-03-14 18:10:00,249 [INFO] PluginManager:220 - loadIPPluginJar : add i2c
2025-03-14 18:10:00,318 [INFO] IPUIPlugin:80 - create IPUIPlugin
2025-03-14 18:10:00,318 [INFO] PluginManager:220 - loadIPPluginJar : add i2s
2025-03-14 18:10:00,393 [INFO] IPUIPlugin:80 - create IPUIPlugin
2025-03-14 18:10:00,393 [INFO] PluginManager:220 - loadIPPluginJar : add i3c
2025-03-14 18:10:00,549 [INFO] IPUIPlugin:80 - create IPUIPlugin
2025-03-14 18:10:00,549 [INFO] PluginManager:220 - loadIPPluginJar : add ipddr
2025-03-14 18:10:00,710 [INFO] IPUIPlugin:80 - create IPUIPlugin
2025-03-14 18:10:00,710 [INFO] PluginManager:220 - loadIPPluginJar : add linkedlist
2025-03-14 18:10:00,779 [INFO] IPUIPlugin:80 - create IPUIPlugin
2025-03-14 18:10:00,779 [INFO] PluginManager:220 - loadIPPluginJar : add lorawan
2025-03-14 18:10:00,842 [INFO] IPUIPlugin:80 - create IPUIPlugin
2025-03-14 18:10:00,843 [INFO] PluginManager:220 - loadIPPluginJar : add ltdc
2025-03-14 18:10:00,868 [INFO] IPUIPlugin:80 - create IPUIPlugin
2025-03-14 18:10:00,869 [INFO] PluginManager:220 - loadIPPluginJar : add mdma
2025-03-14 18:10:00,892 [INFO] IPUIPlugin:80 - create IPUIPlugin
2025-03-14 18:10:00,892 [INFO] PluginManager:220 - loadIPPluginJar : add nvic
2025-03-14 18:10:00,961 [INFO] IPUIPlugin:80 - create IPUIPlugin
2025-03-14 18:10:00,961 [INFO] PluginManager:220 - loadIPPluginJar : add opamp
2025-03-14 18:10:01,067 [INFO] IPUIPlugin:80 - create IPUIPlugin
2025-03-14 18:10:01,067 [INFO] PluginManager:220 - loadIPPluginJar : add openamp
2025-03-14 18:10:01,138 [INFO] IPUIPlugin:80 - create IPUIPlugin
2025-03-14 18:10:01,138 [INFO] PluginManager:220 - loadIPPluginJar : add pdm2pcm
2025-03-14 18:10:01,161 [INFO] IPUIPlugin:80 - create IPUIPlugin
2025-03-14 18:10:01,164 [INFO] PluginManager:220 - loadIPPluginJar : add plateformsettings
2025-03-14 18:10:01,210 [INFO] IPUIPlugin:80 - create IPUIPlugin
2025-03-14 18:10:01,210 [INFO] PluginManager:220 - loadIPPluginJar : add quadspi
2025-03-14 18:10:01,260 [INFO] IPUIPlugin:80 - create IPUIPlugin
2025-03-14 18:10:01,260 [INFO] PluginManager:220 - loadIPPluginJar : add radio
2025-03-14 18:10:01,282 [INFO] IPUIPlugin:80 - create IPUIPlugin
2025-03-14 18:10:01,282 [INFO] PluginManager:220 - loadIPPluginJar : add resmgrutility
2025-03-14 18:10:01,324 [INFO] ThirdPartyUpdaterWithRetryManager:70 - Updater plugin not ready yet. [2/15]
2025-03-14 18:10:01,358 [INFO] IPUIPlugin:80 - create IPUIPlugin
2025-03-14 18:10:01,359 [INFO] PluginManager:220 - loadIPPluginJar : add sai
2025-03-14 18:10:01,421 [INFO] IPUIPlugin:80 - create IPUIPlugin
2025-03-14 18:10:01,421 [INFO] PluginManager:220 - loadIPPluginJar : add spi
2025-03-14 18:10:01,534 [INFO] IPUIPlugin:80 - create IPUIPlugin
2025-03-14 18:10:01,534 [INFO] PluginManager:220 - loadIPPluginJar : add stm32_wpan
2025-03-14 18:10:01,579 [INFO] IPUIPlugin:80 - create IPUIPlugin
2025-03-14 18:10:01,579 [INFO] PluginManager:220 - loadIPPluginJar : add tim
2025-03-14 18:10:01,676 [INFO] IPUIPlugin:80 - create IPUIPlugin
2025-03-14 18:10:01,677 [INFO] PluginManager:220 - loadIPPluginJar : add touchsensing
2025-03-14 18:10:01,715 [INFO] IPUIPlugin:80 - create IPUIPlugin
2025-03-14 18:10:01,715 [INFO] PluginManager:220 - loadIPPluginJar : add tracer_emb
2025-03-14 18:10:01,757 [INFO] IPUIPlugin:80 - create IPUIPlugin
2025-03-14 18:10:01,757 [INFO] PluginManager:220 - loadIPPluginJar : add ts
2025-03-14 18:10:01,794 [INFO] IPUIPlugin:80 - create IPUIPlugin
2025-03-14 18:10:01,794 [INFO] PluginManager:220 - loadIPPluginJar : add tsc
2025-03-14 18:10:01,832 [INFO] IPUIPlugin:80 - create IPUIPlugin
2025-03-14 18:10:01,833 [INFO] PluginManager:220 - loadIPPluginJar : add ucpd
2025-03-14 18:10:01,914 [INFO] IPUIPlugin:80 - create IPUIPlugin
2025-03-14 18:10:01,915 [INFO] PluginManager:220 - loadIPPluginJar : add usart
2025-03-14 18:10:01,987 [INFO] IPUIPlugin:80 - create IPUIPlugin
2025-03-14 18:10:01,987 [INFO] PluginManager:220 - loadIPPluginJar : add usbx
2025-03-14 18:10:02,122 [FATAL] Updater:351 - Updater called before beeing initialized
2025-03-14 18:10:02,157 [INFO] RulesReader:64 - Compatibility file has been processed (297 Rules)
2025-03-14 18:10:02,169 [INFO] RulesReader:64 - Compatibility file has been processed (297 Rules)
2025-03-14 18:10:02,184 [INFO] CADModel:165 - CPN selected for project level
2025-03-14 18:10:02,184 [INFO] CADModel:114 - Register for checkConnection events
2025-03-14 18:10:02,184 [FATAL] Updater:351 - Updater called before beeing initialized
2025-03-14 18:10:02,184 [ERROR] CADModel:125 - Updater not yet initialized, retry later 
2025-03-14 18:10:02,382 [FATAL] Updater:351 - Updater called before beeing initialized
2025-03-14 18:10:02,385 [INFO] CADModel:165 - CPN selected for project level
2025-03-14 18:10:02,385 [INFO] CADModel:114 - Register for checkConnection events
2025-03-14 18:10:02,385 [FATAL] Updater:351 - Updater called before beeing initialized
2025-03-14 18:10:02,385 [ERROR] CADModel:125 - Updater not yet initialized, retry later 
2025-03-14 18:10:02,387 [FATAL] Updater:351 - Updater called before beeing initialized
2025-03-14 18:10:02,506 [FATAL] Updater:351 - Updater called before beeing initialized
2025-03-14 18:10:02,510 [INFO] DbMcusAds:53 - JSON generation date=Thu Mar 06 20:24:21 IST 2025 (1741272861825)
2025-03-14 18:10:02,510 [FATAL] Updater:351 - Updater called before beeing initialized
2025-03-14 18:10:02,547 [WARN] DetailPanel:346 - Failed to get advertising image, set to default
2025-03-14 18:10:02,802 [FATAL] Updater:351 - Updater called before beeing initialized
2025-03-14 18:10:02,805 [FATAL] Updater:351 - Updater called before beeing initialized
2025-03-14 18:10:02,805 [FATAL] Updater:351 - Updater called before beeing initialized
2025-03-14 18:10:02,805 [WARN] DetailPanel:346 - Failed to get advertising image, set to default
2025-03-14 18:10:02,806 [FATAL] Updater:351 - Updater called before beeing initialized
2025-03-14 18:10:02,875 [ERROR] Updater:1198 - MainUpdater not yet initialized. External WinMGr cannot be set.
2025-03-14 18:10:02,889 [INFO] Updater:1134 - Updater Version found : 6.13.0
2025-03-14 18:10:02,903 [INFO] ApplicationProperties:184 - Using Application install path: C:\ST\STM32CubeIDE_1.17.0\STM32CubeIDE\plugins\com.st.stm32cube.common.mx_6.13.0.202411220809
2025-03-14 18:10:04,325 [INFO] ThirdPartyUpdaterWithRetryManager:70 - Updater plugin not ready yet. [3/15]
2025-03-14 18:10:04,489 [ERROR] LogOutputStream:75 - [STDERR_REDIRECT] Mar 14, 2025 6:10:04 PM java.util.prefs.WindowsPreferences <init>
2025-03-14 18:10:04,491 [ERROR] LogOutputStream:75 - [STDERR_REDIRECT] WARNING: Could not open/create prefs root node Software\JavaSoft\Prefs at root 0xffffffff80000002. Windows RegCreateKeyEx(...) returned error code 5.
2025-03-14 18:10:04,491 [ERROR] LogOutputStream:75 - [STDERR_REDIRECT] 
2025-03-14 18:10:04,980 [INFO] MainUpdater:2872 - connection check result : 10
2025-03-14 18:10:04,981 [INFO] MainUpdater:289 - Updater Check For Update Now.
2025-03-14 18:10:04,982 [INFO] MicroXplorer:498 - Change Database Version : DB.6.0.130
2025-03-14 18:10:05,021 [INFO] McuFinderGlobals:63 - Set McuFinder mode to 2 (CubeIDE integrated)
2025-03-14 18:10:05,022 [INFO] UserAuth:171 - activating auth plugin
2025-03-14 18:10:05,028 [INFO] UserAuth:486 - Internet connection configuration mode: 1
2025-03-14 18:10:05,070 [INFO] JxBrowserEngine:152 - Initiate JxBrowser Engine with user profile folder
2025-03-14 18:10:05,270 [INFO] CheckServerUpdateThread:120 - End of CheckServer Thread
2025-03-14 18:10:05,978 [INFO] WebApp:168 - Instantiating new browser for Auth
2025-03-14 18:10:07,205 [INFO] WebApp:449 - Apply proxy settings
2025-03-14 18:10:07,205 [INFO] WebApp:534 - Chromium requires no authentication
2025-03-14 18:10:07,215 [INFO] WebApp:477 - Direct internet connection detected
2025-03-14 18:10:07,242 [INFO] WebApp:880 - Register for checkConnection events
2025-03-14 18:10:07,242 [INFO] WebApp:449 - Apply proxy settings
2025-03-14 18:10:07,243 [INFO] WebApp:534 - Chromium requires no authentication
2025-03-14 18:10:07,243 [INFO] WebApp:477 - Direct internet connection detected
2025-03-14 18:10:07,485 [INFO] WebApp:221 - Starting web application
2025-03-14 18:10:07,485 [INFO] WebApp:579 - Web application path used C:\ST\STM32CubeIDE_1.17.0\STM32CubeIDE\plugins\com.st.stm32cube.common.mx_6.13.0.202411220809\db\plugins\mcufinder\reactClient1\index.html
2025-03-14 18:10:07,599 [WARN] PackLoader:240 - Cannot read IP mode file for STMicroelectronics.FP-SNS-MOTENVWB1.1.4.0
2025-03-14 18:10:07,650 [WARN] PackLoader:240 - Cannot read IP mode file for STMicroelectronics.FP-ATR-ASTRA1.2.0.2
2025-03-14 18:10:07,684 [WARN] PackLoader:240 - Cannot read IP mode file for STMicroelectronics.X-CUBE-SMBUS.2.1.0
2025-03-14 18:10:07,717 [WARN] PackLoader:240 - Cannot read IP mode file for STMicroelectronics.X-CUBE-WB05N.1.1.0
2025-03-14 18:10:07,803 [WARN] PackLoader:240 - Cannot read IP mode file for STMicroelectronics.X-CUBE-AZRTOS-F7.1.1.0
2025-03-14 18:10:07,836 [WARN] PackLoader:240 - Cannot read IP mode file for STMicroelectronics.FP-SNS-FLIGHT1.5.0.2
2025-03-14 18:10:07,894 [WARN] PackLoader:240 - Cannot read IP mode file for Infineon.AIROC-Wi-Fi-Bluetooth-STM32.1.7.0
2025-03-14 18:10:07,930 [WARN] PackLoader:240 - Cannot read IP mode file for STMicroelectronics.X-CUBE-DISPLAY.3.0.0
2025-03-14 18:10:07,964 [WARN] PackLoader:240 - Cannot read IP mode file for STMicroelectronics.X-CUBE-BLE1.7.0.0
2025-03-14 18:10:08,038 [WARN] PackLoader:240 - Cannot read IP mode file for STMicroelectronics.X-CUBE-NFC10.1.0.0
2025-03-14 18:10:08,078 [WARN] PackLoader:240 - Cannot read IP mode file for STMicroelectronics.X-CUBE-BLEMGR.4.0.0
2025-03-14 18:10:08,114 [WARN] PackLoader:240 - Cannot read IP mode file for emotas.I-CUBE-CANOPEN.1.3.0
2025-03-14 18:10:08,145 [WARN] PackLoader:240 - Cannot read IP mode file for STMicroelectronics.X-CUBE-AI.10.0.0
2025-03-14 18:10:08,175 [WARN] PackLoader:240 - Cannot read IP mode file for STMicroelectronics.FP-SNS-SMARTAG2.1.2.0
2025-03-14 18:10:08,204 [WARN] PackLoader:240 - Cannot read IP mode file for STMicroelectronics.FP-SNS-FLIGHT1.5.1.0
2025-03-14 18:10:08,307 [WARN] PackLoader:240 - Cannot read IP mode file for STMicroelectronics.X-CUBE-MEMS1.11.1.0
2025-03-14 18:10:08,625 [INFO] LogOutputStream:77 - [STDOUT_REDIRECT] 1 : Invalid condition id : UX_CORESTACK_Condition cause : null
2025-03-14 18:10:08,626 [INFO] LogOutputStream:77 - [STDOUT_REDIRECT] 1 : Invalid condition id : UX_CORESTACK_Condition cause : null
2025-03-14 18:10:08,628 [INFO] LogOutputStream:77 - [STDOUT_REDIRECT] 1 : Invalid condition id : UX_CORESTACK_Condition cause : null
2025-03-14 18:10:08,629 [INFO] LogOutputStream:77 - [STDOUT_REDIRECT] 1 : Invalid condition id : UX_CORESTACK_Condition cause : null
2025-03-14 18:10:08,631 [INFO] LogOutputStream:77 - [STDOUT_REDIRECT] 1 : Invalid condition id : UX_CORESTACK_Condition cause : null
2025-03-14 18:10:08,635 [WARN] PackLoader:240 - Cannot read IP mode file for STMicroelectronics.X-CUBE-AZRTOS-WL.2.0.0
2025-03-14 18:10:08,661 [WARN] PackLoader:240 - Cannot read IP mode file for STMicroelectronics.FP-SNS-MOTENV1.5.0.0
2025-03-14 18:10:08,692 [WARN] PackLoader:240 - Cannot read IP mode file for WES.I-CUBE-Cesium.1.3.0
2025-03-14 18:10:08,720 [WARN] PackLoader:240 - Cannot read IP mode file for STMicroelectronics.X-CUBE-BLE2.3.3.0
2025-03-14 18:10:08,752 [WARN] PackLoader:240 - Cannot read IP mode file for STMicroelectronics.X-CUBE-NFC9.1.0.0
2025-03-14 18:10:08,784 [WARN] PackLoader:240 - Cannot read IP mode file for STMicroelectronics.X-CUBE-BLE1.7.1.0
2025-03-14 18:10:08,809 [WARN] PackLoader:240 - Cannot read IP mode file for wolfSSL.I-CUBE-wolfMQTT.1.19.2
2025-03-14 18:10:08,854 [WARN] PackLoader:240 - Cannot read IP mode file for STMicroelectronics.X-CUBE-AZRTOS-G0.1.1.0
2025-03-14 18:10:08,884 [WARN] PackLoader:240 - Cannot read IP mode file for STMicroelectronics.X-CUBE-SAFEA1.1.2.2
2025-03-14 18:10:08,911 [WARN] PackLoader:240 - Cannot read IP mode file for STMicroelectronics.X-CUBE-NFC4.3.0.0
2025-03-14 18:10:08,949 [WARN] PackLoader:240 - Cannot read IP mode file for EmbeddedOffice.I-CUBE-FS-RTOS.1.0.1
2025-03-14 18:10:08,977 [WARN] PackLoader:240 - Cannot read IP mode file for wolfSSL.I-CUBE-wolfTPM.3.8.0
2025-03-14 18:10:09,009 [WARN] PackLoader:240 - Cannot read IP mode file for STMicroelectronics.X-CUBE-TCPP.4.2.0
2025-03-14 18:10:09,040 [WARN] PackLoader:240 - Cannot read IP mode file for RealThread.X-CUBE-RT-Thread_Nano.4.1.1
2025-03-14 18:10:09,065 [WARN] PackLoader:240 - Cannot read IP mode file for STMicroelectronics.FP-ATR-SIGFOX1.3.2.0
2025-03-14 18:10:09,089 [WARN] ConditionMgr:438 - getConditionDescription Invalid condition id : Cortex-A Device cause : null
2025-03-14 18:10:09,129 [WARN] ConditionMgr:1044 - genDependencies : Invalid condition id : Cortex-A Device cause : null
2025-03-14 18:10:09,129 [WARN] ConditionMgr:1044 - genDependencies : Invalid condition id : Cortex-A Device cause : null
2025-03-14 18:10:09,129 [WARN] ConditionMgr:1044 - genDependencies : Invalid condition id : Cortex-A Device cause : null
2025-03-14 18:10:09,155 [WARN] PackLoader:240 - Cannot read IP mode file for STMicroelectronics.X-CUBE-EEPRMA1.5.1.0
2025-03-14 18:10:09,179 [WARN] PackLoader:240 - Cannot read IP mode file for wolfSSL.I-CUBE-wolfSSL.5.7.6
2025-03-14 18:10:09,210 [WARN] PackLoader:240 - Cannot read IP mode file for ITTIA_DB.I-CUBE-ITTIADB.8.9.0
2025-03-14 18:10:09,234 [INFO] WebApp:187 - Connection restablished
2025-03-14 18:10:09,270 [WARN] PackLoader:240 - Cannot read IP mode file for SEGGER.I-CUBE-embOS.1.3.1
2025-03-14 18:10:09,391 [WARN] PackLoader:240 - Cannot read IP mode file for STMicroelectronics.X-CUBE-ALGOBUILD.1.4.0
2025-03-14 18:10:09,447 [WARN] PackLoader:240 - Cannot read IP mode file for STMicroelectronics.X-CUBE-AZRTOS-F4.1.1.0
2025-03-14 18:10:09,475 [WARN] PackLoader:240 - Cannot read IP mode file for STMicroelectronics.X-CUBE-ISPU.2.1.0
2025-03-14 18:10:09,528 [WARN] PackLoader:240 - Cannot read IP mode file for STMicroelectronics.X-CUBE-AZRTOS-L5.2.0.0
2025-03-14 18:10:09,564 [WARN] PackLoader:240 - Cannot read IP mode file for STMicroelectronics.X-CUBE-NFC6.3.1.0
2025-03-14 18:10:09,594 [WARN] PackLoader:240 - Cannot read IP mode file for STMicroelectronics.X-CUBE-DPower.1.2.0
2025-03-14 18:10:09,619 [WARN] PackLoader:240 - Cannot read IP mode file for STMicroelectronics.X-CUBE-FREERTOS.1.3.0
2025-03-14 18:10:09,645 [WARN] PackLoader:240 - Cannot read IP mode file for STMicroelectronics.X-CUBE-NFC7.1.0.1
2025-03-14 18:10:09,698 [WARN] ConditionMgr:438 - getConditionDescription Invalid condition id : LAN8742 Phy interface Condition cause : null
2025-03-14 18:10:09,699 [WARN] PackLoader:240 - Cannot read IP mode file for STMicroelectronics.X-CUBE-AZRTOS-L4.2.0.0
2025-03-14 18:10:09,701 [WARN] ConditionMgr:1044 - genDependencies : Invalid condition id : LAN8742 Phy interface Condition cause : null
2025-03-14 18:10:09,701 [WARN] ConditionMgr:1044 - genDependencies : Invalid condition id : LAN8742 Phy interface Condition cause : null
2025-03-14 18:10:09,702 [WARN] ConditionMgr:1044 - genDependencies : Invalid condition id : LAN8742 Phy interface Condition cause : null
2025-03-14 18:10:09,731 [WARN] PackLoader:240 - Cannot read IP mode file for STMicroelectronics.X-CUBE-SFXS2LP1.4.0.0
2025-03-14 18:10:09,785 [WARN] PackLoader:240 - Cannot read IP mode file for STMicroelectronics.X-CUBE-AZRTOS-H7.3.3.0
2025-03-14 18:10:09,828 [WARN] ConditionMgr:438 - getConditionDescription Invalid condition id : UX DEVICE CLASS RTOS Condition cause : null
2025-03-14 18:10:09,829 [WARN] ConditionMgr:438 - getConditionDescription Invalid condition id : UX DEVICE CLASS RTOS Condition cause : null
2025-03-14 18:10:09,832 [WARN] PackLoader:240 - Cannot read IP mode file for STMicroelectronics.X-CUBE-AZRTOS-WB.2.0.0
2025-03-14 18:10:09,832 [WARN] ConditionMgr:1044 - genDependencies : Invalid condition id : UX DEVICE CLASS RTOS Condition cause : null
2025-03-14 18:10:09,833 [WARN] ConditionMgr:1044 - genDependencies : Invalid condition id : UX DEVICE CLASS RTOS Condition cause : null
2025-03-14 18:10:09,833 [WARN] ConditionMgr:1044 - genDependencies : Invalid condition id : UX DEVICE CLASS RTOS Condition cause : null
2025-03-14 18:10:09,834 [WARN] ConditionMgr:1044 - genDependencies : Invalid condition id : UX DEVICE CLASS RTOS Condition cause : null
2025-03-14 18:10:09,834 [WARN] ConditionMgr:1044 - genDependencies : Invalid condition id : UX DEVICE CLASS RTOS Condition cause : null
2025-03-14 18:10:09,861 [WARN] PackLoader:240 - Cannot read IP mode file for STMicroelectronics.X-CUBE-GNSS1.7.0.1
2025-03-14 18:10:09,893 [WARN] PackLoader:240 - Cannot read IP mode file for STMicroelectronics.X-CUBE-TOUCHGFX.4.25.0
2025-03-14 18:10:09,928 [WARN] PackLoader:240 - Cannot read IP mode file for STMicroelectronics.FP-SNS-STBOX1.2.0.0
2025-03-14 18:10:09,970 [WARN] PackLoader:240 - Cannot read IP mode file for STMicroelectronics.X-CUBE-SUBG2.5.0.0
2025-03-14 18:10:10,004 [WARN] PackLoader:240 - Cannot read IP mode file for Cesanta.I-CUBE-Mongoose.7.13.0
2025-03-14 18:10:10,058 [WARN] PackLoader:240 - Cannot read IP mode file for STMicroelectronics.X-CUBE-AZRTOS-G4.2.0.0
2025-03-14 18:10:10,086 [WARN] PackLoader:240 - Cannot read IP mode file for wolfSSL.I-CUBE-wolfSSH.1.4.20
2025-03-14 18:10:10,126 [WARN] PackLoader:240 - Cannot read IP mode file for STMicroelectronics.X-CUBE-IPS.3.1.0
2025-03-14 18:10:10,160 [WARN] PackLoader:240 - Cannot read IP mode file for STMicroelectronics.X-CUBE-ALS.1.0.2
2025-03-14 18:10:10,185 [WARN] PackLoader:240 - Cannot read IP mode file for STMicroelectronics.X-CUBE-TOUCHGFX.4.24.2
2025-03-14 18:10:10,211 [WARN] PackLoader:240 - Cannot read IP mode file for portGmbH.I-Cube-SoM-uGOAL.1.1.0
2025-03-14 18:10:10,257 [WARN] PackLoader:240 - Cannot read IP mode file for STMicroelectronics.X-CUBE-AZRTOS-H7RS.1.0.0
2025-03-14 18:10:10,296 [WARN] PackLoader:240 - Cannot read IP mode file for STMicroelectronics.X-CUBE-TOF1.3.4.2
2025-03-14 18:10:10,314 [INFO] ThirdParty:978 - Integrity check success = true
2025-03-14 18:10:10,314 [INFO] IntegrityCheckThread:100 - exiting critical section [integrity check]
2025-03-14 18:10:10,314 [INFO] IntegrityCheckThread:103 - End integrity checks thread
2025-03-14 18:10:14,777 [ERROR] LogOutputStream:75 - [STDERR_REDIRECT] 
2025-03-14 18:10:14,778 [ERROR] LogOutputStream:75 - [STDERR_REDIRECT] 
2025-03-14 18:10:46,595 [INFO] Activator:176 - 


2025-03-14 18:10:46,596 [INFO] Activator:177 - !SESSION log4j initialized
2025-03-14 18:10:51,965 [INFO] LogOutputStream:77 - [STDOUT_REDIRECT] 
2025-03-14 18:10:54,360 [INFO] ApplicationProperties:184 - Using Application install path: C:\ST\STM32CubeIDE_1.17.0\STM32CubeIDE\plugins\com.st.stm32cube.common.mx_6.13.0.202411220809
2025-03-14 18:10:54,386 [INFO] DbMcusXml:78 - Set database path to: C:\ST\STM32CubeIDE_1.17.0\STM32CubeIDE\plugins\com.st.stm32cube.common.mx_6.13.0.202411220809\\db\/mcu/
2025-03-14 18:10:54,386 [INFO] ApiDb:274 - Set plugin database path to: C:\ST\STM32CubeIDE_1.17.0\STM32CubeIDE\plugins\com.st.stm32cube.common.mx_6.13.0.202411220809\\db\/plugins/boardmanager/
2025-03-14 18:10:54,386 [WARN] ApiDb:259 - Overriding images path with different value:  => C:\ST\STM32CubeIDE_1.17.0\STM32CubeIDE\plugins\com.st.stm32cube.common.mx_6.13.0.202411220809\\db\/plugins/mcufinder/images/
2025-03-14 18:10:54,396 [INFO] ApiDb:250 - Set database path to: C:\Users\141584\.stmcufinder\plugins\mcufinder//mcu/
2025-03-14 18:10:54,398 [INFO] DbMcusAds:125 - Set database path to: C:\Users\141584\.stmcufinder\plugins\mcufinder//mcu/
2025-03-14 18:10:54,402 [INFO] CrossReferenceDbSqlite:203 - Set database path to: C:\Users\141584\.stmcufinder\plugins\mcufinder//mcu/cs/
2025-03-14 18:10:54,581 [INFO] RulesReader:64 - Compatibility file has been processed (297 Rules)
2025-03-14 18:10:54,667 [INFO] DbMcusXml:78 - Set database path to: C:\ST\STM32CubeIDE_1.17.0\STM32CubeIDE\plugins\com.st.stm32cube.common.mx_6.13.0.202411220809\\db\/mcu/
2025-03-14 18:10:54,667 [INFO] ApiDb:274 - Set plugin database path to: C:\ST\STM32CubeIDE_1.17.0\STM32CubeIDE\plugins\com.st.stm32cube.common.mx_6.13.0.202411220809\\db\/plugins/boardmanager/
2025-03-14 18:10:54,667 [INFO] ApiDb:261 - Set plugin images path to: C:\ST\STM32CubeIDE_1.17.0\STM32CubeIDE\plugins\com.st.stm32cube.common.mx_6.13.0.202411220809\\db\/plugins/mcufinder/images/
2025-03-14 18:10:54,667 [WARN] DbFile:41 - Overriding database path with different value: C:\Users\141584\.stmcufinder\plugins\mcufinder/ => C:\Users\141584\.stmcufinder\plugins\mcufinder
2025-03-14 18:10:54,667 [INFO] ApiDb:250 - Set database path to: C:\Users\141584\.stmcufinder\plugins\mcufinder//mcu/
2025-03-14 18:10:54,668 [WARN] DbFile:41 - Overriding database path with different value: C:\Users\141584\.stmcufinder\plugins\mcufinder/ => C:\Users\141584\.stmcufinder\plugins\mcufinder
2025-03-14 18:10:54,668 [INFO] DbMcusAds:125 - Set database path to: C:\Users\141584\.stmcufinder\plugins\mcufinder//mcu/
2025-03-14 18:10:54,668 [WARN] DbFile:41 - Overriding database path with different value: C:\Users\141584\.stmcufinder\plugins\mcufinder/ => C:\Users\141584\.stmcufinder\plugins\mcufinder
2025-03-14 18:10:54,668 [WARN] DbFile:41 - Overriding database path with different value: C:\Users\141584\.stmcufinder\plugins\mcufinder/ => C:\Users\141584\.stmcufinder\plugins\mcufinder
2025-03-14 18:10:54,668 [INFO] CrossReferenceDbSqlite:203 - Set database path to: C:\Users\141584\.stmcufinder\plugins\mcufinder//mcu/cs/
2025-03-14 18:10:54,747 [INFO] MainPanel:272 - HeapMemory: 268435456
2025-03-14 18:10:54,836 [INFO] DbMcusXml:78 - Set database path to: C:\ST\STM32CubeIDE_1.17.0\STM32CubeIDE\plugins\com.st.stm32cube.common.mx_6.13.0.202411220809\\db\/mcu/
2025-03-14 18:10:54,836 [INFO] ApiDb:274 - Set plugin database path to: C:\ST\STM32CubeIDE_1.17.0\STM32CubeIDE\plugins\com.st.stm32cube.common.mx_6.13.0.202411220809\\db\/plugins/boardmanager/
2025-03-14 18:10:54,836 [INFO] ApiDb:261 - Set plugin images path to: C:\ST\STM32CubeIDE_1.17.0\STM32CubeIDE\plugins\com.st.stm32cube.common.mx_6.13.0.202411220809\\db\/plugins/mcufinder/images/
2025-03-14 18:10:54,836 [WARN] DbFile:41 - Overriding database path with different value: C:\Users\141584\.stmcufinder\plugins\mcufinder/ => C:\Users\141584\.stmcufinder\plugins\mcufinder
2025-03-14 18:10:54,836 [INFO] ApiDb:250 - Set database path to: C:\Users\141584\.stmcufinder\plugins\mcufinder//mcu/
2025-03-14 18:10:54,836 [WARN] DbFile:41 - Overriding database path with different value: C:\Users\141584\.stmcufinder\plugins\mcufinder/ => C:\Users\141584\.stmcufinder\plugins\mcufinder
2025-03-14 18:10:54,836 [INFO] DbMcusAds:125 - Set database path to: C:\Users\141584\.stmcufinder\plugins\mcufinder//mcu/
2025-03-14 18:10:54,837 [WARN] DbFile:41 - Overriding database path with different value: C:\Users\141584\.stmcufinder\plugins\mcufinder/ => C:\Users\141584\.stmcufinder\plugins\mcufinder
2025-03-14 18:10:54,837 [WARN] DbFile:41 - Overriding database path with different value: C:\Users\141584\.stmcufinder\plugins\mcufinder/ => C:\Users\141584\.stmcufinder\plugins\mcufinder
2025-03-14 18:10:54,837 [INFO] CrossReferenceDbSqlite:203 - Set database path to: C:\Users\141584\.stmcufinder\plugins\mcufinder//mcu/cs/
2025-03-14 18:10:54,856 [INFO] ApplicationProperties:184 - Using Application install path: C:\ST\STM32CubeIDE_1.17.0\STM32CubeIDE\plugins\com.st.stm32cube.common.mx_6.13.0.202411220809
2025-03-14 18:10:54,858 [INFO] PluginManage:196 - Search for loadable plugins [exclusion list=, ]
2025-03-14 18:10:54,859 [INFO] PluginManage:310 - Check plugin analytics
2025-03-14 18:10:55,124 [INFO] AnalyticsPlugin:253 - Accepted Software Licenses: 
2025-03-14 18:10:55,125 [INFO] AnalyticsPlugin:255 - Accepted CMSIS Pack Licenses: 
2025-03-14 18:10:55,125 [INFO] AnalyticsPlugin:257 - Accepted Firmware Licenses: FW.F4.1.28.0
2025-03-14 18:10:55,131 [INFO] PluginManage:359 - Loaded plugin analytics (category:tool,tabindex:-1)
2025-03-14 18:10:55,132 [INFO] PluginManage:310 - Check plugin cadmodel
2025-03-14 18:10:55,139 [INFO] CADModel:105 - Init CAD model plugin
2025-03-14 18:10:55,139 [INFO] PluginManage:359 - Loaded plugin cadmodel (category:power,tabindex:5)
2025-03-14 18:10:55,140 [INFO] PluginManage:310 - Check plugin clock
2025-03-14 18:10:55,153 [INFO] PluginManage:359 - Loaded plugin clock (category:base,tabindex:2)
2025-03-14 18:10:55,153 [INFO] PluginManage:310 - Check plugin ddr
2025-03-14 18:10:55,156 [INFO] PluginManage:359 - Loaded plugin ddr (category:tool,tabindex:6)
2025-03-14 18:10:55,156 [INFO] PluginManage:310 - Check plugin filemanager
2025-03-14 18:10:55,304 [INFO] PluginManage:359 - Loaded plugin filemanager (category:base,tabindex:10)
2025-03-14 18:10:55,304 [INFO] PluginManage:310 - Check plugin ipmanager
2025-03-14 18:10:55,310 [INFO] PluginManage:359 - Loaded plugin ipmanager (category:base,tabindex:5)
2025-03-14 18:10:55,310 [INFO] PluginManage:310 - Check plugin lpbam
2025-03-14 18:10:55,319 [INFO] PluginManage:359 - Loaded plugin lpbam (category:base,tabindex:0)
2025-03-14 18:10:55,319 [INFO] PluginManage:310 - Check plugin memorymap
2025-03-14 18:10:55,331 [INFO] PluginManage:359 - Loaded plugin memorymap (category:base,tabindex:4)
2025-03-14 18:10:55,331 [INFO] PluginManage:310 - Check plugin pinoutandconfiguration
2025-03-14 18:10:55,339 [INFO] PluginManage:359 - Loaded plugin pinoutandconfiguration (category:base,tabindex:1)
2025-03-14 18:10:55,340 [INFO] PluginManage:310 - Check plugin pinoutconfig
2025-03-14 18:10:55,484 [WARN] SupportedApi:132 - Cannot load RTOS API schema: s4s-elt-must-match.1: The content of 'definitions' must match (annotation?, (simpleType | complexType)?, (unique | key | keyref)*)). A problem was found starting at: attribute.
2025-03-14 18:10:55,624 [INFO] PluginManage:359 - Loaded plugin pinoutconfig (category:base,tabindex:0)
2025-03-14 18:10:55,624 [INFO] PluginManage:310 - Check plugin power
2025-03-14 18:10:55,636 [INFO] PluginManage:359 - Loaded plugin power (category:power,tabindex:4)
2025-03-14 18:10:55,637 [INFO] PluginManage:310 - Check plugin projectmanager
2025-03-14 18:10:55,654 [INFO] PluginManage:359 - Loaded plugin projectmanager (category:projectmanager,tabindex:4)
2025-03-14 18:10:55,654 [INFO] PluginManage:310 - Check plugin rif
2025-03-14 18:10:55,664 [INFO] PluginManage:359 - Loaded plugin rif (category:base,tabindex:3)
2025-03-14 18:10:55,665 [INFO] PluginManage:310 - Check plugin thirdparty
2025-03-14 18:10:55,831 [WARN] IntegrityCheckThread:84 - waiting for thirdparty lock release [integrity check]
2025-03-14 18:10:55,831 [INFO] IntegrityCheckThread:86 - entering critical section [integrity check]
2025-03-14 18:10:55,832 [INFO] PluginManage:359 - Loaded plugin thirdparty (category:base,tabindex:-1)
2025-03-14 18:10:55,832 [INFO] PluginManage:310 - Check plugin tools
2025-03-14 18:10:55,832 [INFO] ThirdPartyUpdaterWithRetryManager:70 - Updater plugin not ready yet. [1/15]
2025-03-14 18:10:55,835 [INFO] PluginManage:359 - Loaded plugin tools (category:base,tabindex:7)
2025-03-14 18:10:55,835 [INFO] PluginManage:310 - Check plugin tutovideos
2025-03-14 18:10:55,980 [INFO] PluginManage:359 - Loaded plugin tutovideos (category:base,tabindex:-1)
2025-03-14 18:10:55,981 [INFO] PluginManage:310 - Check plugin updater
2025-03-14 18:10:56,004 [INFO] PluginManage:359 - Loaded plugin updater (category:base,tabindex:12)
2025-03-14 18:10:56,005 [INFO] PluginManage:310 - Check plugin userauth
2025-03-14 18:10:56,014 [INFO] UserAuth:118 - Init User Auth plugin
2025-03-14 18:10:56,016 [INFO] PluginManage:359 - Loaded plugin userauth (category:base,tabindex:14)
2025-03-14 18:10:56,018 [INFO] PluginManage:283 - PluginManage : Loaded plugins [18]
2025-03-14 18:10:56,258 [INFO] PinOutPanel:1589 - setPackage(No Configuration,No Configuration)
2025-03-14 18:10:56,357 [INFO] CADModel:165 - CPN selected for project level
2025-03-14 18:10:56,357 [INFO] CADModel:114 - Register for checkConnection events
2025-03-14 18:10:56,370 [INFO] IPUIPlugin:80 - create IPUIPlugin
2025-03-14 18:10:56,370 [INFO] PluginManager:220 - loadIPPluginJar : add adc
2025-03-14 18:10:56,373 [INFO] IPUIPlugin:80 - create IPUIPlugin
2025-03-14 18:10:56,373 [INFO] PluginManager:220 - loadIPPluginJar : add aes
2025-03-14 18:10:56,376 [INFO] IPUIPlugin:80 - create IPUIPlugin
2025-03-14 18:10:56,377 [INFO] PluginManager:220 - loadIPPluginJar : add can
2025-03-14 18:10:56,378 [INFO] IPUIPlugin:80 - create IPUIPlugin
2025-03-14 18:10:56,378 [INFO] PluginManager:220 - loadIPPluginJar : add comp
2025-03-14 18:10:56,381 [INFO] IPUIPlugin:80 - create IPUIPlugin
2025-03-14 18:10:56,381 [INFO] PluginManager:220 - loadIPPluginJar : add cryp
2025-03-14 18:10:56,384 [INFO] IPUIPlugin:80 - create IPUIPlugin
2025-03-14 18:10:56,384 [INFO] PluginManager:220 - loadIPPluginJar : add ddr_ctrl_phy
2025-03-14 18:10:56,386 [INFO] IPUIPlugin:80 - create IPUIPlugin
2025-03-14 18:10:56,386 [INFO] PluginManager:220 - loadIPPluginJar : add dfsdm
2025-03-14 18:10:56,391 [INFO] IPUIPlugin:80 - create IPUIPlugin
2025-03-14 18:10:56,391 [INFO] PluginManager:220 - loadIPPluginJar : add dma
2025-03-14 18:10:56,394 [INFO] IPUIPlugin:80 - create IPUIPlugin
2025-03-14 18:10:56,394 [INFO] PluginManager:220 - loadIPPluginJar : add dma3
2025-03-14 18:10:56,398 [INFO] IPUIPlugin:80 - create IPUIPlugin
2025-03-14 18:10:56,398 [INFO] PluginManager:220 - loadIPPluginJar : add extmemmanager
2025-03-14 18:10:56,401 [INFO] IPUIPlugin:80 - create IPUIPlugin
2025-03-14 18:10:56,401 [INFO] PluginManager:220 - loadIPPluginJar : add fatfs
2025-03-14 18:10:56,407 [INFO] IPUIPlugin:80 - create IPUIPlugin
2025-03-14 18:10:56,407 [INFO] PluginManager:220 - loadIPPluginJar : add fmc
2025-03-14 18:10:56,411 [INFO] IPUIPlugin:80 - create IPUIPlugin
2025-03-14 18:10:56,412 [INFO] PluginManager:220 - loadIPPluginJar : add freertos
2025-03-14 18:10:56,414 [INFO] IPUIPlugin:80 - create IPUIPlugin
2025-03-14 18:10:56,414 [INFO] PluginManager:220 - loadIPPluginJar : add genericplugin
2025-03-14 18:10:56,421 [INFO] IPUIPlugin:80 - create IPUIPlugin
2025-03-14 18:10:56,421 [INFO] PluginManager:220 - loadIPPluginJar : add gfxmmu
2025-03-14 18:10:56,426 [INFO] IPUIPlugin:80 - create IPUIPlugin
2025-03-14 18:10:56,428 [INFO] PluginManager:220 - loadIPPluginJar : add gic
2025-03-14 18:10:56,436 [INFO] IPUIPlugin:80 - create IPUIPlugin
2025-03-14 18:10:56,436 [INFO] PluginManager:220 - loadIPPluginJar : add gpio
2025-03-14 18:10:56,443 [INFO] IPUIPlugin:80 - create IPUIPlugin
2025-03-14 18:10:56,443 [INFO] PluginManager:220 - loadIPPluginJar : add gtzc
2025-03-14 18:10:56,449 [INFO] IPUIPlugin:80 - create IPUIPlugin
2025-03-14 18:10:56,449 [INFO] PluginManager:220 - loadIPPluginJar : add hash
2025-03-14 18:10:56,453 [INFO] IPUIPlugin:80 - create IPUIPlugin
2025-03-14 18:10:56,454 [INFO] PluginManager:220 - loadIPPluginJar : add i2c
2025-03-14 18:10:56,458 [INFO] IPUIPlugin:80 - create IPUIPlugin
2025-03-14 18:10:56,458 [INFO] PluginManager:220 - loadIPPluginJar : add i2s
2025-03-14 18:10:56,464 [INFO] IPUIPlugin:80 - create IPUIPlugin
2025-03-14 18:10:56,464 [INFO] PluginManager:220 - loadIPPluginJar : add i3c
2025-03-14 18:10:56,471 [INFO] IPUIPlugin:80 - create IPUIPlugin
2025-03-14 18:10:56,471 [INFO] PluginManager:220 - loadIPPluginJar : add ipddr
2025-03-14 18:10:56,478 [INFO] IPUIPlugin:80 - create IPUIPlugin
2025-03-14 18:10:56,478 [INFO] PluginManager:220 - loadIPPluginJar : add linkedlist
2025-03-14 18:10:56,483 [INFO] IPUIPlugin:80 - create IPUIPlugin
2025-03-14 18:10:56,484 [INFO] PluginManager:220 - loadIPPluginJar : add lorawan
2025-03-14 18:10:56,486 [INFO] IPUIPlugin:80 - create IPUIPlugin
2025-03-14 18:10:56,487 [INFO] PluginManager:220 - loadIPPluginJar : add ltdc
2025-03-14 18:10:56,495 [INFO] IPUIPlugin:80 - create IPUIPlugin
2025-03-14 18:10:56,495 [INFO] PluginManager:220 - loadIPPluginJar : add mdma
2025-03-14 18:10:56,501 [INFO] IPUIPlugin:80 - create IPUIPlugin
2025-03-14 18:10:56,501 [INFO] PluginManager:220 - loadIPPluginJar : add nvic
2025-03-14 18:10:56,506 [INFO] IPUIPlugin:80 - create IPUIPlugin
2025-03-14 18:10:56,506 [INFO] PluginManager:220 - loadIPPluginJar : add opamp
2025-03-14 18:10:56,512 [INFO] IPUIPlugin:80 - create IPUIPlugin
2025-03-14 18:10:56,512 [INFO] PluginManager:220 - loadIPPluginJar : add openamp
2025-03-14 18:10:56,518 [INFO] IPUIPlugin:80 - create IPUIPlugin
2025-03-14 18:10:56,518 [INFO] PluginManager:220 - loadIPPluginJar : add pdm2pcm
2025-03-14 18:10:56,528 [INFO] IPUIPlugin:80 - create IPUIPlugin
2025-03-14 18:10:56,530 [INFO] PluginManager:220 - loadIPPluginJar : add plateformsettings
2025-03-14 18:10:56,533 [INFO] IPUIPlugin:80 - create IPUIPlugin
2025-03-14 18:10:56,534 [INFO] PluginManager:220 - loadIPPluginJar : add quadspi
2025-03-14 18:10:56,537 [INFO] IPUIPlugin:80 - create IPUIPlugin
2025-03-14 18:10:56,539 [INFO] PluginManager:220 - loadIPPluginJar : add radio
2025-03-14 18:10:56,542 [INFO] IPUIPlugin:80 - create IPUIPlugin
2025-03-14 18:10:56,542 [INFO] PluginManager:220 - loadIPPluginJar : add resmgrutility
2025-03-14 18:10:56,553 [INFO] IPUIPlugin:80 - create IPUIPlugin
2025-03-14 18:10:56,553 [INFO] PluginManager:220 - loadIPPluginJar : add sai
2025-03-14 18:10:56,559 [INFO] IPUIPlugin:80 - create IPUIPlugin
2025-03-14 18:10:56,560 [INFO] PluginManager:220 - loadIPPluginJar : add spi
2025-03-14 18:10:56,567 [INFO] IPUIPlugin:80 - create IPUIPlugin
2025-03-14 18:10:56,568 [INFO] PluginManager:220 - loadIPPluginJar : add stm32_wpan
2025-03-14 18:10:56,571 [INFO] IPUIPlugin:80 - create IPUIPlugin
2025-03-14 18:10:56,571 [INFO] PluginManager:220 - loadIPPluginJar : add tim
2025-03-14 18:10:56,580 [INFO] IPUIPlugin:80 - create IPUIPlugin
2025-03-14 18:10:56,580 [INFO] PluginManager:220 - loadIPPluginJar : add touchsensing
2025-03-14 18:10:56,587 [INFO] IPUIPlugin:80 - create IPUIPlugin
2025-03-14 18:10:56,587 [INFO] PluginManager:220 - loadIPPluginJar : add tracer_emb
2025-03-14 18:10:56,592 [INFO] IPUIPlugin:80 - create IPUIPlugin
2025-03-14 18:10:56,592 [INFO] PluginManager:220 - loadIPPluginJar : add ts
2025-03-14 18:10:56,596 [INFO] IPUIPlugin:80 - create IPUIPlugin
2025-03-14 18:10:56,596 [INFO] PluginManager:220 - loadIPPluginJar : add tsc
2025-03-14 18:10:56,599 [INFO] IPUIPlugin:80 - create IPUIPlugin
2025-03-14 18:10:56,600 [INFO] PluginManager:220 - loadIPPluginJar : add ucpd
2025-03-14 18:10:56,605 [INFO] IPUIPlugin:80 - create IPUIPlugin
2025-03-14 18:10:56,605 [INFO] PluginManager:220 - loadIPPluginJar : add usart
2025-03-14 18:10:56,610 [INFO] IPUIPlugin:80 - create IPUIPlugin
2025-03-14 18:10:56,610 [INFO] PluginManager:220 - loadIPPluginJar : add usbx
2025-03-14 18:10:56,778 [FATAL] Updater:351 - Updater called before beeing initialized
2025-03-14 18:10:56,879 [INFO] RulesReader:64 - Compatibility file has been processed (297 Rules)
2025-03-14 18:10:56,920 [INFO] RulesReader:64 - Compatibility file has been processed (297 Rules)
2025-03-14 18:10:56,936 [INFO] CADModel:165 - CPN selected for project level
2025-03-14 18:10:56,936 [INFO] CADModel:114 - Register for checkConnection events
2025-03-14 18:10:56,936 [FATAL] Updater:351 - Updater called before beeing initialized
2025-03-14 18:10:56,937 [ERROR] CADModel:125 - Updater not yet initialized, retry later 
2025-03-14 18:10:57,134 [FATAL] Updater:351 - Updater called before beeing initialized
2025-03-14 18:10:57,138 [INFO] CADModel:165 - CPN selected for project level
2025-03-14 18:10:57,138 [INFO] CADModel:114 - Register for checkConnection events
2025-03-14 18:10:57,138 [FATAL] Updater:351 - Updater called before beeing initialized
2025-03-14 18:10:57,138 [ERROR] CADModel:125 - Updater not yet initialized, retry later 
2025-03-14 18:10:57,143 [FATAL] Updater:351 - Updater called before beeing initialized
2025-03-14 18:10:57,264 [FATAL] Updater:351 - Updater called before beeing initialized
2025-03-14 18:10:57,267 [INFO] DbMcusAds:53 - JSON generation date=Thu Mar 06 20:24:21 IST 2025 (1741272861825)
2025-03-14 18:10:57,268 [FATAL] Updater:351 - Updater called before beeing initialized
2025-03-14 18:10:57,304 [WARN] DetailPanel:346 - Failed to get advertising image, set to default
2025-03-14 18:10:57,560 [FATAL] Updater:351 - Updater called before beeing initialized
2025-03-14 18:10:57,561 [FATAL] Updater:351 - Updater called before beeing initialized
2025-03-14 18:10:57,561 [FATAL] Updater:351 - Updater called before beeing initialized
2025-03-14 18:10:57,561 [WARN] DetailPanel:346 - Failed to get advertising image, set to default
2025-03-14 18:10:57,562 [FATAL] Updater:351 - Updater called before beeing initialized
2025-03-14 18:10:57,623 [ERROR] Updater:1198 - MainUpdater not yet initialized. External WinMGr cannot be set.
2025-03-14 18:10:57,625 [INFO] Updater:1134 - Updater Version found : 6.13.0
2025-03-14 18:10:57,636 [INFO] ApplicationProperties:184 - Using Application install path: C:\ST\STM32CubeIDE_1.17.0\STM32CubeIDE\plugins\com.st.stm32cube.common.mx_6.13.0.202411220809
2025-03-14 18:10:58,833 [INFO] ThirdPartyUpdaterWithRetryManager:70 - Updater plugin not ready yet. [2/15]
2025-03-14 18:10:59,215 [ERROR] LogOutputStream:75 - [STDERR_REDIRECT] Mar 14, 2025 6:10:59 PM java.util.prefs.WindowsPreferences <init>
2025-03-14 18:10:59,220 [ERROR] LogOutputStream:75 - [STDERR_REDIRECT] WARNING: Could not open/create prefs root node Software\JavaSoft\Prefs at root 0xffffffff80000002. Windows RegCreateKeyEx(...) returned error code 5.
2025-03-14 18:10:59,220 [ERROR] LogOutputStream:75 - [STDERR_REDIRECT] 
2025-03-14 18:10:59,744 [INFO] MainUpdater:2872 - connection check result : 10
2025-03-14 18:10:59,746 [INFO] MainUpdater:289 - Updater Check For Update Now.
2025-03-14 18:10:59,747 [INFO] MicroXplorer:498 - Change Database Version : DB.6.0.130
2025-03-14 18:10:59,761 [INFO] McuFinderGlobals:63 - Set McuFinder mode to 2 (CubeIDE integrated)
2025-03-14 18:10:59,762 [INFO] UserAuth:171 - activating auth plugin
2025-03-14 18:10:59,769 [INFO] UserAuth:486 - Internet connection configuration mode: 1
2025-03-14 18:10:59,807 [INFO] JxBrowserEngine:152 - Initiate JxBrowser Engine with user profile folder
2025-03-14 18:10:59,992 [INFO] CheckServerUpdateThread:120 - End of CheckServer Thread
2025-03-14 18:11:00,618 [INFO] WebApp:168 - Instantiating new browser for Auth
2025-03-14 18:11:01,642 [INFO] WebApp:449 - Apply proxy settings
2025-03-14 18:11:01,643 [INFO] WebApp:534 - Chromium requires no authentication
2025-03-14 18:11:01,653 [INFO] WebApp:477 - Direct internet connection detected
2025-03-14 18:11:01,684 [INFO] WebApp:880 - Register for checkConnection events
2025-03-14 18:11:01,684 [INFO] WebApp:449 - Apply proxy settings
2025-03-14 18:11:01,684 [INFO] WebApp:534 - Chromium requires no authentication
2025-03-14 18:11:01,687 [INFO] WebApp:477 - Direct internet connection detected
2025-03-14 18:11:01,953 [INFO] WebApp:221 - Starting web application
2025-03-14 18:11:01,953 [INFO] WebApp:579 - Web application path used C:\ST\STM32CubeIDE_1.17.0\STM32CubeIDE\plugins\com.st.stm32cube.common.mx_6.13.0.202411220809\db\plugins\mcufinder\reactClient1\index.html
2025-03-14 18:11:02,226 [WARN] PackLoader:240 - Cannot read IP mode file for STMicroelectronics.FP-SNS-MOTENVWB1.1.4.0
2025-03-14 18:11:02,262 [WARN] PackLoader:240 - Cannot read IP mode file for STMicroelectronics.FP-ATR-ASTRA1.2.0.2
2025-03-14 18:11:02,284 [WARN] PackLoader:240 - Cannot read IP mode file for STMicroelectronics.X-CUBE-SMBUS.2.1.0
2025-03-14 18:11:02,320 [WARN] PackLoader:240 - Cannot read IP mode file for STMicroelectronics.X-CUBE-WB05N.1.1.0
2025-03-14 18:11:02,587 [WARN] PackLoader:240 - Cannot read IP mode file for STMicroelectronics.X-CUBE-AZRTOS-F7.1.1.0
2025-03-14 18:11:02,645 [WARN] PackLoader:240 - Cannot read IP mode file for STMicroelectronics.FP-SNS-FLIGHT1.5.0.2
2025-03-14 18:11:02,776 [INFO] WebApp:187 - Connection restablished
2025-03-14 18:11:02,811 [WARN] PackLoader:240 - Cannot read IP mode file for Infineon.AIROC-Wi-Fi-Bluetooth-STM32.1.7.0
2025-03-14 18:11:02,854 [WARN] PackLoader:240 - Cannot read IP mode file for STMicroelectronics.X-CUBE-DISPLAY.3.0.0
2025-03-14 18:11:02,870 [WARN] PackLoader:240 - Cannot read IP mode file for STMicroelectronics.X-CUBE-BLE1.7.0.0
2025-03-14 18:11:02,888 [WARN] PackLoader:240 - Cannot read IP mode file for STMicroelectronics.X-CUBE-NFC10.1.0.0
2025-03-14 18:11:02,913 [WARN] PackLoader:240 - Cannot read IP mode file for STMicroelectronics.X-CUBE-BLEMGR.4.0.0
2025-03-14 18:11:02,969 [WARN] PackLoader:240 - Cannot read IP mode file for emotas.I-CUBE-CANOPEN.1.3.0
2025-03-14 18:11:02,976 [WARN] PackLoader:240 - Cannot read IP mode file for STMicroelectronics.X-CUBE-AI.10.0.0
2025-03-14 18:11:02,985 [WARN] PackLoader:240 - Cannot read IP mode file for STMicroelectronics.FP-SNS-SMARTAG2.1.2.0
2025-03-14 18:11:02,995 [WARN] PackLoader:240 - Cannot read IP mode file for STMicroelectronics.FP-SNS-FLIGHT1.5.1.0
2025-03-14 18:11:03,160 [WARN] PackLoader:240 - Cannot read IP mode file for STMicroelectronics.X-CUBE-MEMS1.11.1.0
2025-03-14 18:11:04,031 [INFO] LogOutputStream:77 - [STDOUT_REDIRECT] 1 : Invalid condition id : UX_CORESTACK_Condition cause : null
2025-03-14 18:11:04,063 [INFO] LogOutputStream:77 - [STDOUT_REDIRECT] 1 : Invalid condition id : UX_CORESTACK_Condition cause : null
2025-03-14 18:11:04,067 [INFO] LogOutputStream:77 - [STDOUT_REDIRECT] 1 : Invalid condition id : UX_CORESTACK_Condition cause : null
2025-03-14 18:11:04,071 [INFO] LogOutputStream:77 - [STDOUT_REDIRECT] 1 : Invalid condition id : UX_CORESTACK_Condition cause : null
2025-03-14 18:11:04,073 [INFO] LogOutputStream:77 - [STDOUT_REDIRECT] 1 : Invalid condition id : UX_CORESTACK_Condition cause : null
2025-03-14 18:11:04,127 [WARN] PackLoader:240 - Cannot read IP mode file for STMicroelectronics.X-CUBE-AZRTOS-WL.2.0.0
2025-03-14 18:11:04,146 [WARN] PackLoader:240 - Cannot read IP mode file for STMicroelectronics.FP-SNS-MOTENV1.5.0.0
2025-03-14 18:11:04,161 [WARN] PackLoader:240 - Cannot read IP mode file for WES.I-CUBE-Cesium.1.3.0
2025-03-14 18:11:04,186 [WARN] PackLoader:240 - Cannot read IP mode file for STMicroelectronics.X-CUBE-BLE2.3.3.0
2025-03-14 18:11:04,198 [WARN] PackLoader:240 - Cannot read IP mode file for STMicroelectronics.X-CUBE-NFC9.1.0.0
2025-03-14 18:11:04,208 [WARN] PackLoader:240 - Cannot read IP mode file for STMicroelectronics.X-CUBE-BLE1.7.1.0
2025-03-14 18:11:04,221 [WARN] PackLoader:240 - Cannot read IP mode file for wolfSSL.I-CUBE-wolfMQTT.1.19.2
2025-03-14 18:11:04,259 [WARN] PackLoader:240 - Cannot read IP mode file for STMicroelectronics.X-CUBE-AZRTOS-G0.1.1.0
2025-03-14 18:11:04,411 [WARN] PackLoader:240 - Cannot read IP mode file for STMicroelectronics.X-CUBE-SAFEA1.1.2.2
2025-03-14 18:11:04,425 [WARN] PackLoader:240 - Cannot read IP mode file for STMicroelectronics.X-CUBE-NFC4.3.0.0
2025-03-14 18:11:04,445 [WARN] PackLoader:240 - Cannot read IP mode file for EmbeddedOffice.I-CUBE-FS-RTOS.1.0.1
2025-03-14 18:11:04,461 [WARN] PackLoader:240 - Cannot read IP mode file for wolfSSL.I-CUBE-wolfTPM.3.8.0
2025-03-14 18:11:04,473 [WARN] PackLoader:240 - Cannot read IP mode file for STMicroelectronics.X-CUBE-TCPP.4.2.0
2025-03-14 18:11:04,482 [WARN] PackLoader:240 - Cannot read IP mode file for RealThread.X-CUBE-RT-Thread_Nano.4.1.1
2025-03-14 18:11:04,490 [WARN] PackLoader:240 - Cannot read IP mode file for STMicroelectronics.FP-ATR-SIGFOX1.3.2.0
2025-03-14 18:11:04,499 [WARN] ConditionMgr:438 - getConditionDescription Invalid condition id : Cortex-A Device cause : null
2025-03-14 18:11:04,545 [WARN] ConditionMgr:1044 - genDependencies : Invalid condition id : Cortex-A Device cause : null
2025-03-14 18:11:04,545 [WARN] ConditionMgr:1044 - genDependencies : Invalid condition id : Cortex-A Device cause : null
2025-03-14 18:11:04,546 [WARN] ConditionMgr:1044 - genDependencies : Invalid condition id : Cortex-A Device cause : null
2025-03-14 18:11:04,555 [WARN] PackLoader:240 - Cannot read IP mode file for STMicroelectronics.X-CUBE-EEPRMA1.5.1.0
2025-03-14 18:11:04,573 [WARN] PackLoader:240 - Cannot read IP mode file for wolfSSL.I-CUBE-wolfSSL.5.7.6
2025-03-14 18:11:04,590 [WARN] PackLoader:240 - Cannot read IP mode file for ITTIA_DB.I-CUBE-ITTIADB.8.9.0
2025-03-14 18:11:04,651 [WARN] PackLoader:240 - Cannot read IP mode file for SEGGER.I-CUBE-embOS.1.3.1
2025-03-14 18:11:04,729 [WARN] PackLoader:240 - Cannot read IP mode file for STMicroelectronics.X-CUBE-ALGOBUILD.1.4.0
2025-03-14 18:11:04,759 [WARN] PackLoader:240 - Cannot read IP mode file for STMicroelectronics.X-CUBE-AZRTOS-F4.1.1.0
2025-03-14 18:11:04,774 [WARN] PackLoader:240 - Cannot read IP mode file for STMicroelectronics.X-CUBE-ISPU.2.1.0
2025-03-14 18:11:04,800 [WARN] PackLoader:240 - Cannot read IP mode file for STMicroelectronics.X-CUBE-AZRTOS-L5.2.0.0
2025-03-14 18:11:04,812 [WARN] PackLoader:240 - Cannot read IP mode file for STMicroelectronics.X-CUBE-NFC6.3.1.0
2025-03-14 18:11:04,822 [WARN] PackLoader:240 - Cannot read IP mode file for STMicroelectronics.X-CUBE-DPower.1.2.0
2025-03-14 18:11:04,830 [WARN] PackLoader:240 - Cannot read IP mode file for STMicroelectronics.X-CUBE-FREERTOS.1.3.0
2025-03-14 18:11:04,840 [WARN] PackLoader:240 - Cannot read IP mode file for STMicroelectronics.X-CUBE-NFC7.1.0.1
2025-03-14 18:11:04,871 [WARN] ConditionMgr:438 - getConditionDescription Invalid condition id : LAN8742 Phy interface Condition cause : null
2025-03-14 18:11:04,872 [WARN] PackLoader:240 - Cannot read IP mode file for STMicroelectronics.X-CUBE-AZRTOS-L4.2.0.0
2025-03-14 18:11:04,873 [WARN] ConditionMgr:1044 - genDependencies : Invalid condition id : LAN8742 Phy interface Condition cause : null
2025-03-14 18:11:04,874 [WARN] ConditionMgr:1044 - genDependencies : Invalid condition id : LAN8742 Phy interface Condition cause : null
2025-03-14 18:11:04,875 [WARN] ConditionMgr:1044 - genDependencies : Invalid condition id : LAN8742 Phy interface Condition cause : null
2025-03-14 18:11:04,887 [WARN] PackLoader:240 - Cannot read IP mode file for STMicroelectronics.X-CUBE-SFXS2LP1.4.0.0
2025-03-14 18:11:04,917 [WARN] PackLoader:240 - Cannot read IP mode file for STMicroelectronics.X-CUBE-AZRTOS-H7.3.3.0
2025-03-14 18:11:04,938 [WARN] ConditionMgr:438 - getConditionDescription Invalid condition id : UX DEVICE CLASS RTOS Condition cause : null
2025-03-14 18:11:04,939 [WARN] ConditionMgr:438 - getConditionDescription Invalid condition id : UX DEVICE CLASS RTOS Condition cause : null
2025-03-14 18:11:04,941 [WARN] PackLoader:240 - Cannot read IP mode file for STMicroelectronics.X-CUBE-AZRTOS-WB.2.0.0
2025-03-14 18:11:04,942 [WARN] ConditionMgr:1044 - genDependencies : Invalid condition id : UX DEVICE CLASS RTOS Condition cause : null
2025-03-14 18:11:04,942 [WARN] ConditionMgr:1044 - genDependencies : Invalid condition id : UX DEVICE CLASS RTOS Condition cause : null
2025-03-14 18:11:04,942 [WARN] ConditionMgr:1044 - genDependencies : Invalid condition id : UX DEVICE CLASS RTOS Condition cause : null
2025-03-14 18:11:04,944 [WARN] ConditionMgr:1044 - genDependencies : Invalid condition id : UX DEVICE CLASS RTOS Condition cause : null
2025-03-14 18:11:04,944 [WARN] ConditionMgr:1044 - genDependencies : Invalid condition id : UX DEVICE CLASS RTOS Condition cause : null
2025-03-14 18:11:04,955 [WARN] PackLoader:240 - Cannot read IP mode file for STMicroelectronics.X-CUBE-GNSS1.7.0.1
2025-03-14 18:11:04,961 [WARN] PackLoader:240 - Cannot read IP mode file for STMicroelectronics.X-CUBE-TOUCHGFX.4.25.0
2025-03-14 18:11:04,969 [WARN] PackLoader:240 - Cannot read IP mode file for STMicroelectronics.FP-SNS-STBOX1.2.0.0
2025-03-14 18:11:04,981 [WARN] PackLoader:240 - Cannot read IP mode file for STMicroelectronics.X-CUBE-SUBG2.5.0.0
2025-03-14 18:11:04,992 [WARN] PackLoader:240 - Cannot read IP mode file for Cesanta.I-CUBE-Mongoose.7.13.0
2025-03-14 18:11:05,005 [WARN] PackLoader:240 - Cannot read IP mode file for STMicroelectronics.X-CUBE-AZRTOS-G4.2.0.0
2025-03-14 18:11:05,010 [WARN] PackLoader:240 - Cannot read IP mode file for wolfSSL.I-CUBE-wolfSSH.1.4.20
2025-03-14 18:11:05,023 [WARN] PackLoader:240 - Cannot read IP mode file for STMicroelectronics.X-CUBE-IPS.3.1.0
2025-03-14 18:11:05,031 [WARN] PackLoader:240 - Cannot read IP mode file for STMicroelectronics.X-CUBE-ALS.1.0.2
2025-03-14 18:11:05,036 [WARN] PackLoader:240 - Cannot read IP mode file for STMicroelectronics.X-CUBE-TOUCHGFX.4.24.2
2025-03-14 18:11:05,041 [WARN] PackLoader:240 - Cannot read IP mode file for portGmbH.I-Cube-SoM-uGOAL.1.1.0
2025-03-14 18:11:05,064 [WARN] PackLoader:240 - Cannot read IP mode file for STMicroelectronics.X-CUBE-AZRTOS-H7RS.1.0.0
2025-03-14 18:11:05,077 [WARN] PackLoader:240 - Cannot read IP mode file for STMicroelectronics.X-CUBE-TOF1.3.4.2
2025-03-14 18:11:05,090 [INFO] ThirdParty:978 - Integrity check success = true
2025-03-14 18:11:05,091 [INFO] IntegrityCheckThread:100 - exiting critical section [integrity check]
2025-03-14 18:11:05,091 [INFO] IntegrityCheckThread:103 - End integrity checks thread
2025-03-14 18:18:25,261 [ERROR] LogOutputStream:75 - [STDERR_REDIRECT] 
