2025-03-20 18:00:55,346 [INFO] Activator:176 - 


2025-03-20 18:00:55,352 [INFO] Activator:177 - !SESSION log4j initialized
2025-03-20 18:01:05,637 [INFO] LogOutputStream:77 - [STDOUT_REDIRECT] 
2025-03-20 18:01:10,586 [INFO] ApplicationProperties:184 - Using Application install path: C:\ST\STM32CubeIDE_1.17.0\STM32CubeIDE\plugins\com.st.stm32cube.common.mx_6.13.0.202411220809
2025-03-20 18:01:10,602 [INFO] DbMcusXml:78 - Set database path to: C:\ST\STM32CubeIDE_1.17.0\STM32CubeIDE\plugins\com.st.stm32cube.common.mx_6.13.0.202411220809\\db\/mcu/
2025-03-20 18:01:10,603 [INFO] ApiDb:274 - Set plugin database path to: C:\ST\STM32CubeIDE_1.17.0\STM32CubeIDE\plugins\com.st.stm32cube.common.mx_6.13.0.202411220809\\db\/plugins/boardmanager/
2025-03-20 18:01:10,603 [WARN] ApiDb:259 - Overriding images path with different value:  => C:\ST\STM32CubeIDE_1.17.0\STM32CubeIDE\plugins\com.st.stm32cube.common.mx_6.13.0.202411220809\\db\/plugins/mcufinder/images/
2025-03-20 18:01:10,609 [INFO] ApiDb:250 - Set database path to: C:\Users\141584\.stmcufinder\plugins\mcufinder//mcu/
2025-03-20 18:01:10,611 [INFO] DbMcusAds:125 - Set database path to: C:\Users\141584\.stmcufinder\plugins\mcufinder//mcu/
2025-03-20 18:01:10,614 [INFO] CrossReferenceDbSqlite:203 - Set database path to: C:\Users\141584\.stmcufinder\plugins\mcufinder//mcu/cs/
2025-03-20 18:01:10,840 [INFO] RulesReader:64 - Compatibility file has been processed (297 Rules)
2025-03-20 18:01:10,956 [INFO] DbMcusXml:78 - Set database path to: C:\ST\STM32CubeIDE_1.17.0\STM32CubeIDE\plugins\com.st.stm32cube.common.mx_6.13.0.202411220809\\db\/mcu/
2025-03-20 18:01:10,956 [INFO] ApiDb:274 - Set plugin database path to: C:\ST\STM32CubeIDE_1.17.0\STM32CubeIDE\plugins\com.st.stm32cube.common.mx_6.13.0.202411220809\\db\/plugins/boardmanager/
2025-03-20 18:01:10,956 [INFO] ApiDb:261 - Set plugin images path to: C:\ST\STM32CubeIDE_1.17.0\STM32CubeIDE\plugins\com.st.stm32cube.common.mx_6.13.0.202411220809\\db\/plugins/mcufinder/images/
2025-03-20 18:01:10,956 [WARN] DbFile:41 - Overriding database path with different value: C:\Users\141584\.stmcufinder\plugins\mcufinder/ => C:\Users\141584\.stmcufinder\plugins\mcufinder
2025-03-20 18:01:10,956 [INFO] ApiDb:250 - Set database path to: C:\Users\141584\.stmcufinder\plugins\mcufinder//mcu/
2025-03-20 18:01:10,957 [WARN] DbFile:41 - Overriding database path with different value: C:\Users\141584\.stmcufinder\plugins\mcufinder/ => C:\Users\141584\.stmcufinder\plugins\mcufinder
2025-03-20 18:01:10,957 [INFO] DbMcusAds:125 - Set database path to: C:\Users\141584\.stmcufinder\plugins\mcufinder//mcu/
2025-03-20 18:01:10,957 [WARN] DbFile:41 - Overriding database path with different value: C:\Users\141584\.stmcufinder\plugins\mcufinder/ => C:\Users\141584\.stmcufinder\plugins\mcufinder
2025-03-20 18:01:10,957 [WARN] DbFile:41 - Overriding database path with different value: C:\Users\141584\.stmcufinder\plugins\mcufinder/ => C:\Users\141584\.stmcufinder\plugins\mcufinder
2025-03-20 18:01:10,957 [INFO] CrossReferenceDbSqlite:203 - Set database path to: C:\Users\141584\.stmcufinder\plugins\mcufinder//mcu/cs/
2025-03-20 18:01:11,102 [INFO] MainPanel:272 - HeapMemory: 268435456
2025-03-20 18:01:11,272 [INFO] DbMcusXml:78 - Set database path to: C:\ST\STM32CubeIDE_1.17.0\STM32CubeIDE\plugins\com.st.stm32cube.common.mx_6.13.0.202411220809\\db\/mcu/
2025-03-20 18:01:11,272 [INFO] ApiDb:274 - Set plugin database path to: C:\ST\STM32CubeIDE_1.17.0\STM32CubeIDE\plugins\com.st.stm32cube.common.mx_6.13.0.202411220809\\db\/plugins/boardmanager/
2025-03-20 18:01:11,272 [INFO] ApiDb:261 - Set plugin images path to: C:\ST\STM32CubeIDE_1.17.0\STM32CubeIDE\plugins\com.st.stm32cube.common.mx_6.13.0.202411220809\\db\/plugins/mcufinder/images/
2025-03-20 18:01:11,273 [WARN] DbFile:41 - Overriding database path with different value: C:\Users\141584\.stmcufinder\plugins\mcufinder/ => C:\Users\141584\.stmcufinder\plugins\mcufinder
2025-03-20 18:01:11,273 [INFO] ApiDb:250 - Set database path to: C:\Users\141584\.stmcufinder\plugins\mcufinder//mcu/
2025-03-20 18:01:11,273 [WARN] DbFile:41 - Overriding database path with different value: C:\Users\141584\.stmcufinder\plugins\mcufinder/ => C:\Users\141584\.stmcufinder\plugins\mcufinder
2025-03-20 18:01:11,273 [INFO] DbMcusAds:125 - Set database path to: C:\Users\141584\.stmcufinder\plugins\mcufinder//mcu/
2025-03-20 18:01:11,273 [WARN] DbFile:41 - Overriding database path with different value: C:\Users\141584\.stmcufinder\plugins\mcufinder/ => C:\Users\141584\.stmcufinder\plugins\mcufinder
2025-03-20 18:01:11,273 [WARN] DbFile:41 - Overriding database path with different value: C:\Users\141584\.stmcufinder\plugins\mcufinder/ => C:\Users\141584\.stmcufinder\plugins\mcufinder
2025-03-20 18:01:11,273 [INFO] CrossReferenceDbSqlite:203 - Set database path to: C:\Users\141584\.stmcufinder\plugins\mcufinder//mcu/cs/
2025-03-20 18:01:11,312 [INFO] ApplicationProperties:184 - Using Application install path: C:\ST\STM32CubeIDE_1.17.0\STM32CubeIDE\plugins\com.st.stm32cube.common.mx_6.13.0.202411220809
2025-03-20 18:01:11,314 [INFO] PluginManage:196 - Search for loadable plugins [exclusion list=, ]
2025-03-20 18:01:11,316 [INFO] PluginManage:310 - Check plugin analytics
2025-03-20 18:01:11,631 [INFO] AnalyticsPlugin:253 - Accepted Software Licenses: 
2025-03-20 18:01:11,631 [INFO] AnalyticsPlugin:255 - Accepted CMSIS Pack Licenses: 
2025-03-20 18:01:11,631 [INFO] AnalyticsPlugin:257 - Accepted Firmware Licenses: FW.F4.1.28.0
2025-03-20 18:01:11,641 [INFO] PluginManage:359 - Loaded plugin analytics (category:tool,tabindex:-1)
2025-03-20 18:01:11,645 [INFO] PluginManage:310 - Check plugin cadmodel
2025-03-20 18:01:11,681 [INFO] CADModel:105 - Init CAD model plugin
2025-03-20 18:01:11,681 [INFO] PluginManage:359 - Loaded plugin cadmodel (category:power,tabindex:5)
2025-03-20 18:01:11,681 [INFO] PluginManage:310 - Check plugin clock
2025-03-20 18:01:11,705 [INFO] PluginManage:359 - Loaded plugin clock (category:base,tabindex:2)
2025-03-20 18:01:11,706 [INFO] PluginManage:310 - Check plugin ddr
2025-03-20 18:01:11,708 [INFO] PluginManage:359 - Loaded plugin ddr (category:tool,tabindex:6)
2025-03-20 18:01:11,708 [INFO] PluginManage:310 - Check plugin filemanager
2025-03-20 18:01:11,920 [INFO] PluginManage:359 - Loaded plugin filemanager (category:base,tabindex:10)
2025-03-20 18:01:11,920 [INFO] PluginManage:310 - Check plugin ipmanager
2025-03-20 18:01:11,929 [INFO] PluginManage:359 - Loaded plugin ipmanager (category:base,tabindex:5)
2025-03-20 18:01:11,929 [INFO] PluginManage:310 - Check plugin lpbam
2025-03-20 18:01:11,953 [INFO] PluginManage:359 - Loaded plugin lpbam (category:base,tabindex:0)
2025-03-20 18:01:11,953 [INFO] PluginManage:310 - Check plugin memorymap
2025-03-20 18:01:11,984 [INFO] PluginManage:359 - Loaded plugin memorymap (category:base,tabindex:4)
2025-03-20 18:01:11,984 [INFO] PluginManage:310 - Check plugin pinoutandconfiguration
2025-03-20 18:01:12,009 [INFO] PluginManage:359 - Loaded plugin pinoutandconfiguration (category:base,tabindex:1)
2025-03-20 18:01:12,010 [INFO] PluginManage:310 - Check plugin pinoutconfig
2025-03-20 18:01:12,206 [WARN] SupportedApi:132 - Cannot load RTOS API schema: s4s-elt-must-match.1: The content of 'definitions' must match (annotation?, (simpleType | complexType)?, (unique | key | keyref)*)). A problem was found starting at: attribute.
2025-03-20 18:01:12,381 [INFO] PluginManage:359 - Loaded plugin pinoutconfig (category:base,tabindex:0)
2025-03-20 18:01:12,381 [INFO] PluginManage:310 - Check plugin power
2025-03-20 18:01:12,433 [INFO] PluginManage:359 - Loaded plugin power (category:power,tabindex:4)
2025-03-20 18:01:12,433 [INFO] PluginManage:310 - Check plugin projectmanager
2025-03-20 18:01:12,457 [INFO] PluginManage:359 - Loaded plugin projectmanager (category:projectmanager,tabindex:4)
2025-03-20 18:01:12,457 [INFO] PluginManage:310 - Check plugin rif
2025-03-20 18:01:12,480 [INFO] PluginManage:359 - Loaded plugin rif (category:base,tabindex:3)
2025-03-20 18:01:12,481 [INFO] PluginManage:310 - Check plugin thirdparty
2025-03-20 18:01:12,949 [INFO] PluginManage:359 - Loaded plugin thirdparty (category:base,tabindex:-1)
2025-03-20 18:01:12,948 [WARN] IntegrityCheckThread:84 - waiting for thirdparty lock release [integrity check]
2025-03-20 18:01:12,951 [INFO] PluginManage:310 - Check plugin tools
2025-03-20 18:01:12,951 [INFO] IntegrityCheckThread:86 - entering critical section [integrity check]
2025-03-20 18:01:12,953 [INFO] ThirdPartyUpdaterWithRetryManager:70 - Updater plugin not ready yet. [1/15]
2025-03-20 18:01:13,062 [INFO] PluginManage:359 - Loaded plugin tools (category:base,tabindex:7)
2025-03-20 18:01:13,062 [INFO] PluginManage:310 - Check plugin tutovideos
2025-03-20 18:01:13,364 [INFO] PluginManage:359 - Loaded plugin tutovideos (category:base,tabindex:-1)
2025-03-20 18:01:13,364 [INFO] PluginManage:310 - Check plugin updater
2025-03-20 18:01:13,417 [INFO] PluginManage:359 - Loaded plugin updater (category:base,tabindex:12)
2025-03-20 18:01:13,417 [INFO] PluginManage:310 - Check plugin userauth
2025-03-20 18:01:13,422 [INFO] UserAuth:118 - Init User Auth plugin
2025-03-20 18:01:13,423 [INFO] PluginManage:359 - Loaded plugin userauth (category:base,tabindex:14)
2025-03-20 18:01:13,423 [INFO] PluginManage:283 - PluginManage : Loaded plugins [18]
2025-03-20 18:01:13,677 [INFO] PinOutPanel:1589 - setPackage(No Configuration,No Configuration)
2025-03-20 18:01:13,804 [INFO] CADModel:165 - CPN selected for project level
2025-03-20 18:01:13,805 [INFO] CADModel:114 - Register for checkConnection events
2025-03-20 18:01:13,863 [INFO] IPUIPlugin:80 - create IPUIPlugin
2025-03-20 18:01:13,864 [INFO] PluginManager:220 - loadIPPluginJar : add adc
2025-03-20 18:01:13,925 [INFO] IPUIPlugin:80 - create IPUIPlugin
2025-03-20 18:01:13,925 [INFO] PluginManager:220 - loadIPPluginJar : add aes
2025-03-20 18:01:14,069 [INFO] IPUIPlugin:80 - create IPUIPlugin
2025-03-20 18:01:14,070 [INFO] PluginManager:220 - loadIPPluginJar : add can
2025-03-20 18:01:14,144 [INFO] IPUIPlugin:80 - create IPUIPlugin
2025-03-20 18:01:14,144 [INFO] PluginManager:220 - loadIPPluginJar : add comp
2025-03-20 18:01:14,226 [INFO] IPUIPlugin:80 - create IPUIPlugin
2025-03-20 18:01:14,226 [INFO] PluginManager:220 - loadIPPluginJar : add cryp
2025-03-20 18:01:14,245 [INFO] IPUIPlugin:80 - create IPUIPlugin
2025-03-20 18:01:14,245 [INFO] PluginManager:220 - loadIPPluginJar : add ddr_ctrl_phy
2025-03-20 18:01:14,301 [INFO] IPUIPlugin:80 - create IPUIPlugin
2025-03-20 18:01:14,301 [INFO] PluginManager:220 - loadIPPluginJar : add dfsdm
2025-03-20 18:01:14,321 [INFO] IPUIPlugin:80 - create IPUIPlugin
2025-03-20 18:01:14,322 [INFO] PluginManager:220 - loadIPPluginJar : add dma
2025-03-20 18:01:14,392 [INFO] IPUIPlugin:80 - create IPUIPlugin
2025-03-20 18:01:14,392 [INFO] PluginManager:220 - loadIPPluginJar : add dma3
2025-03-20 18:01:14,475 [INFO] IPUIPlugin:80 - create IPUIPlugin
2025-03-20 18:01:14,475 [INFO] PluginManager:220 - loadIPPluginJar : add extmemmanager
2025-03-20 18:01:14,515 [INFO] IPUIPlugin:80 - create IPUIPlugin
2025-03-20 18:01:14,515 [INFO] PluginManager:220 - loadIPPluginJar : add fatfs
2025-03-20 18:01:14,591 [INFO] IPUIPlugin:80 - create IPUIPlugin
2025-03-20 18:01:14,591 [INFO] PluginManager:220 - loadIPPluginJar : add fmc
2025-03-20 18:01:14,613 [INFO] IPUIPlugin:80 - create IPUIPlugin
2025-03-20 18:01:14,613 [INFO] PluginManager:220 - loadIPPluginJar : add freertos
2025-03-20 18:01:14,675 [INFO] IPUIPlugin:80 - create IPUIPlugin
2025-03-20 18:01:14,675 [INFO] PluginManager:220 - loadIPPluginJar : add genericplugin
2025-03-20 18:01:14,848 [INFO] IPUIPlugin:80 - create IPUIPlugin
2025-03-20 18:01:14,849 [INFO] PluginManager:220 - loadIPPluginJar : add gfxmmu
2025-03-20 18:01:15,084 [INFO] IPUIPlugin:80 - create IPUIPlugin
2025-03-20 18:01:15,084 [INFO] PluginManager:220 - loadIPPluginJar : add gic
2025-03-20 18:01:15,104 [INFO] IPUIPlugin:80 - create IPUIPlugin
2025-03-20 18:01:15,104 [INFO] PluginManager:220 - loadIPPluginJar : add gpio
2025-03-20 18:01:15,264 [INFO] IPUIPlugin:80 - create IPUIPlugin
2025-03-20 18:01:15,264 [INFO] PluginManager:220 - loadIPPluginJar : add gtzc
2025-03-20 18:01:15,358 [INFO] IPUIPlugin:80 - create IPUIPlugin
2025-03-20 18:01:15,358 [INFO] PluginManager:220 - loadIPPluginJar : add hash
2025-03-20 18:01:15,486 [INFO] IPUIPlugin:80 - create IPUIPlugin
2025-03-20 18:01:15,486 [INFO] PluginManager:220 - loadIPPluginJar : add i2c
2025-03-20 18:01:15,594 [INFO] IPUIPlugin:80 - create IPUIPlugin
2025-03-20 18:01:15,594 [INFO] PluginManager:220 - loadIPPluginJar : add i2s
2025-03-20 18:01:15,697 [INFO] IPUIPlugin:80 - create IPUIPlugin
2025-03-20 18:01:15,697 [INFO] PluginManager:220 - loadIPPluginJar : add i3c
2025-03-20 18:01:15,910 [INFO] IPUIPlugin:80 - create IPUIPlugin
2025-03-20 18:01:15,910 [INFO] PluginManager:220 - loadIPPluginJar : add ipddr
2025-03-20 18:01:15,954 [INFO] ThirdPartyUpdaterWithRetryManager:70 - Updater plugin not ready yet. [2/15]
2025-03-20 18:01:16,168 [INFO] IPUIPlugin:80 - create IPUIPlugin
2025-03-20 18:01:16,168 [INFO] PluginManager:220 - loadIPPluginJar : add linkedlist
2025-03-20 18:01:16,252 [INFO] IPUIPlugin:80 - create IPUIPlugin
2025-03-20 18:01:16,252 [INFO] PluginManager:220 - loadIPPluginJar : add lorawan
2025-03-20 18:01:16,347 [INFO] IPUIPlugin:80 - create IPUIPlugin
2025-03-20 18:01:16,349 [INFO] PluginManager:220 - loadIPPluginJar : add ltdc
2025-03-20 18:01:16,376 [INFO] IPUIPlugin:80 - create IPUIPlugin
2025-03-20 18:01:16,376 [INFO] PluginManager:220 - loadIPPluginJar : add mdma
2025-03-20 18:01:16,397 [INFO] IPUIPlugin:80 - create IPUIPlugin
2025-03-20 18:01:16,397 [INFO] PluginManager:220 - loadIPPluginJar : add nvic
2025-03-20 18:01:16,473 [INFO] IPUIPlugin:80 - create IPUIPlugin
2025-03-20 18:01:16,473 [INFO] PluginManager:220 - loadIPPluginJar : add opamp
2025-03-20 18:01:16,590 [INFO] IPUIPlugin:80 - create IPUIPlugin
2025-03-20 18:01:16,590 [INFO] PluginManager:220 - loadIPPluginJar : add openamp
2025-03-20 18:01:16,690 [INFO] IPUIPlugin:80 - create IPUIPlugin
2025-03-20 18:01:16,690 [INFO] PluginManager:220 - loadIPPluginJar : add pdm2pcm
2025-03-20 18:01:16,712 [INFO] IPUIPlugin:80 - create IPUIPlugin
2025-03-20 18:01:16,715 [INFO] PluginManager:220 - loadIPPluginJar : add plateformsettings
2025-03-20 18:01:16,764 [INFO] IPUIPlugin:80 - create IPUIPlugin
2025-03-20 18:01:16,764 [INFO] PluginManager:220 - loadIPPluginJar : add quadspi
2025-03-20 18:01:16,826 [INFO] IPUIPlugin:80 - create IPUIPlugin
2025-03-20 18:01:16,828 [INFO] PluginManager:220 - loadIPPluginJar : add radio
2025-03-20 18:01:16,890 [INFO] IPUIPlugin:80 - create IPUIPlugin
2025-03-20 18:01:16,890 [INFO] PluginManager:220 - loadIPPluginJar : add resmgrutility
2025-03-20 18:01:17,003 [INFO] IPUIPlugin:80 - create IPUIPlugin
2025-03-20 18:01:17,004 [INFO] PluginManager:220 - loadIPPluginJar : add sai
2025-03-20 18:01:17,087 [INFO] IPUIPlugin:80 - create IPUIPlugin
2025-03-20 18:01:17,087 [INFO] PluginManager:220 - loadIPPluginJar : add spi
2025-03-20 18:01:17,225 [INFO] IPUIPlugin:80 - create IPUIPlugin
2025-03-20 18:01:17,226 [INFO] PluginManager:220 - loadIPPluginJar : add stm32_wpan
2025-03-20 18:01:17,325 [INFO] IPUIPlugin:80 - create IPUIPlugin
2025-03-20 18:01:17,325 [INFO] PluginManager:220 - loadIPPluginJar : add tim
2025-03-20 18:01:17,476 [INFO] IPUIPlugin:80 - create IPUIPlugin
2025-03-20 18:01:17,476 [INFO] PluginManager:220 - loadIPPluginJar : add touchsensing
2025-03-20 18:01:17,523 [INFO] IPUIPlugin:80 - create IPUIPlugin
2025-03-20 18:01:17,523 [INFO] PluginManager:220 - loadIPPluginJar : add tracer_emb
2025-03-20 18:01:17,577 [INFO] IPUIPlugin:80 - create IPUIPlugin
2025-03-20 18:01:17,577 [INFO] PluginManager:220 - loadIPPluginJar : add ts
2025-03-20 18:01:17,628 [INFO] IPUIPlugin:80 - create IPUIPlugin
2025-03-20 18:01:17,628 [INFO] PluginManager:220 - loadIPPluginJar : add tsc
2025-03-20 18:01:17,678 [INFO] IPUIPlugin:80 - create IPUIPlugin
2025-03-20 18:01:17,678 [INFO] PluginManager:220 - loadIPPluginJar : add ucpd
2025-03-20 18:01:17,760 [INFO] IPUIPlugin:80 - create IPUIPlugin
2025-03-20 18:01:17,760 [INFO] PluginManager:220 - loadIPPluginJar : add usart
2025-03-20 18:01:17,860 [INFO] IPUIPlugin:80 - create IPUIPlugin
2025-03-20 18:01:17,860 [INFO] PluginManager:220 - loadIPPluginJar : add usbx
2025-03-20 18:01:18,089 [FATAL] Updater:351 - Updater called before beeing initialized
2025-03-20 18:01:18,159 [INFO] RulesReader:64 - Compatibility file has been processed (297 Rules)
2025-03-20 18:01:18,186 [INFO] RulesReader:64 - Compatibility file has been processed (297 Rules)
2025-03-20 18:01:18,212 [INFO] CADModel:165 - CPN selected for project level
2025-03-20 18:01:18,212 [INFO] CADModel:114 - Register for checkConnection events
2025-03-20 18:01:18,213 [FATAL] Updater:351 - Updater called before beeing initialized
2025-03-20 18:01:18,213 [ERROR] CADModel:125 - Updater not yet initialized, retry later 
2025-03-20 18:01:18,452 [FATAL] Updater:351 - Updater called before beeing initialized
2025-03-20 18:01:18,456 [INFO] CADModel:165 - CPN selected for project level
2025-03-20 18:01:18,456 [INFO] CADModel:114 - Register for checkConnection events
2025-03-20 18:01:18,456 [FATAL] Updater:351 - Updater called before beeing initialized
2025-03-20 18:01:18,456 [ERROR] CADModel:125 - Updater not yet initialized, retry later 
2025-03-20 18:01:18,459 [FATAL] Updater:351 - Updater called before beeing initialized
2025-03-20 18:01:18,803 [FATAL] Updater:351 - Updater called before beeing initialized
2025-03-20 18:01:18,821 [INFO] DbMcusAds:53 - JSON generation date=Thu Mar 06 20:24:21 IST 2025 (1741272861825)
2025-03-20 18:01:18,821 [FATAL] Updater:351 - Updater called before beeing initialized
2025-03-20 18:01:18,864 [WARN] DetailPanel:346 - Failed to get advertising image, set to default
2025-03-20 18:01:18,957 [INFO] ThirdPartyUpdaterWithRetryManager:70 - Updater plugin not ready yet. [3/15]
2025-03-20 18:01:19,257 [FATAL] Updater:351 - Updater called before beeing initialized
2025-03-20 18:01:19,260 [FATAL] Updater:351 - Updater called before beeing initialized
2025-03-20 18:01:19,260 [FATAL] Updater:351 - Updater called before beeing initialized
2025-03-20 18:01:19,260 [WARN] DetailPanel:346 - Failed to get advertising image, set to default
2025-03-20 18:01:19,261 [FATAL] Updater:351 - Updater called before beeing initialized
2025-03-20 18:01:19,358 [ERROR] Updater:1198 - MainUpdater not yet initialized. External WinMGr cannot be set.
2025-03-20 18:01:19,373 [INFO] Updater:1134 - Updater Version found : 6.13.0
2025-03-20 18:01:19,398 [INFO] ApplicationProperties:184 - Using Application install path: C:\ST\STM32CubeIDE_1.17.0\STM32CubeIDE\plugins\com.st.stm32cube.common.mx_6.13.0.202411220809
2025-03-20 18:01:21,029 [ERROR] LogOutputStream:75 - [STDERR_REDIRECT] Mar 20, 2025 6:01:21 PM java.util.prefs.WindowsPreferences <init>
2025-03-20 18:01:21,032 [ERROR] LogOutputStream:75 - [STDERR_REDIRECT] WARNING: Could not open/create prefs root node Software\JavaSoft\Prefs at root 0xffffffff80000002. Windows RegCreateKeyEx(...) returned error code 5.
2025-03-20 18:01:21,034 [ERROR] LogOutputStream:75 - [STDERR_REDIRECT] 
2025-03-20 18:01:21,962 [INFO] MainUpdater:2872 - connection check result : 10
2025-03-20 18:01:21,962 [FATAL] Updater:351 - Updater called before beeing initialized
2025-03-20 18:01:21,963 [INFO] MainUpdater:3566 - Updater definition file requires update
2025-03-20 18:01:21,969 [INFO] MainUpdater:289 - Updater Check For Update Now.
2025-03-20 18:01:21,973 [INFO] MicroXplorer:498 - Change Database Version : DB.6.0.130
2025-03-20 18:01:21,968 [ERROR] IntegrityCheckThread:130 - Cannot retrieve database content from updater: error 21
2025-03-20 18:01:21,976 [INFO] ThirdParty:978 - Integrity check success = false
2025-03-20 18:01:21,976 [INFO] IntegrityCheckThread:100 - exiting critical section [integrity check]
2025-03-20 18:01:21,977 [INFO] IntegrityCheckThread:103 - End integrity checks thread
2025-03-20 18:01:22,017 [INFO] McuFinderGlobals:63 - Set McuFinder mode to 2 (CubeIDE integrated)
2025-03-20 18:01:22,017 [INFO] UserAuth:171 - activating auth plugin
2025-03-20 18:01:22,022 [INFO] UserAuth:486 - Internet connection configuration mode: 1
2025-03-20 18:01:22,072 [INFO] ServerAccessManage:473 - Download File updaters.zip
2025-03-20 18:01:22,089 [INFO] JxBrowserEngine:152 - Initiate JxBrowser Engine with user profile folder
2025-03-20 18:01:22,325 [INFO] FileExtend:240 - Unzip File : updaters.zip
2025-03-20 18:01:22,325 [INFO] FileExtend:255 - Standard Zip Deflate
2025-03-20 18:01:25,403 [INFO] ServerAccessManage:473 - Download File PacksControlFlags.xml
2025-03-20 18:01:25,611 [INFO] ServerAccessManage:473 - Download File cubemx.pidx
2025-03-20 18:01:31,564 [INFO] WebApp:168 - Instantiating new browser for Auth
2025-03-20 18:01:34,298 [INFO] ServerAccessManage:473 - Download File STMicroelectronics.X-CUBE-AZRTOS-H7RS.pdsc
2025-03-20 18:01:36,162 [INFO] WebApp:449 - Apply proxy settings
2025-03-20 18:01:36,162 [INFO] WebApp:534 - Chromium requires no authentication
2025-03-20 18:01:36,181 [INFO] WebApp:477 - Direct internet connection detected
2025-03-20 18:01:36,325 [INFO] WebApp:880 - Register for checkConnection events
2025-03-20 18:01:36,325 [INFO] WebApp:449 - Apply proxy settings
2025-03-20 18:01:36,325 [INFO] WebApp:534 - Chromium requires no authentication
2025-03-20 18:01:36,327 [INFO] WebApp:477 - Direct internet connection detected
2025-03-20 18:01:37,695 [WARN] PackLoader:240 - Cannot read IP mode file for STMicroelectronics.X-CUBE-AZRTOS-H7RS.1.1.0
2025-03-20 18:01:37,766 [INFO] PopulateThirdPartyThread:66 - Ending populate Thread
2025-03-20 18:01:37,773 [INFO] ThirdParty:1030 - CMSIS Pack Vendor :STMicroelectronics X-CUBE-AZRTOS-H7RS 1.1.0
2025-03-20 18:01:37,773 [INFO] LoadServerUpdatesThread:375 - End of LoadServerUpdate Thread
2025-03-20 18:01:37,960 [INFO] WebApp:221 - Starting web application
2025-03-20 18:01:37,960 [INFO] WebApp:579 - Web application path used C:\ST\STM32CubeIDE_1.17.0\STM32CubeIDE\plugins\com.st.stm32cube.common.mx_6.13.0.202411220809\db\plugins\mcufinder\reactClient1\index.html
2025-03-20 18:01:38,027 [INFO] CheckServerUpdateThread:120 - End of CheckServer Thread
2025-03-20 18:01:38,205 [INFO] WebApp:187 - Connection restablished
2025-03-20 18:49:46,949 [ERROR] LogOutputStream:75 - [STDERR_REDIRECT] 
