2025-04-03 14:04:00,097 [INFO] Activator:176 - 


2025-04-03 14:04:00,107 [INFO] Activator:177 - !SESSION log4j initialized
2025-04-03 14:04:11,531 [INFO] LogOutputStream:77 - [STDOUT_REDIRECT] 
2025-04-03 14:04:15,010 [INFO] ApplicationProperties:184 - Using Application install path: C:\ST\STM32CubeIDE_1.17.0\STM32CubeIDE\plugins\com.st.stm32cube.common.mx_6.13.0.202411220809
2025-04-03 14:04:15,033 [INFO] DbMcusXml:78 - Set database path to: C:\ST\STM32CubeIDE_1.17.0\STM32CubeIDE\plugins\com.st.stm32cube.common.mx_6.13.0.202411220809\\db\/mcu/
2025-04-03 14:04:15,033 [INFO] ApiDb:274 - Set plugin database path to: C:\ST\STM32CubeIDE_1.17.0\STM32CubeIDE\plugins\com.st.stm32cube.common.mx_6.13.0.202411220809\\db\/plugins/boardmanager/
2025-04-03 14:04:15,034 [WARN] ApiDb:259 - Overriding images path with different value:  => C:\ST\STM32CubeIDE_1.17.0\STM32CubeIDE\plugins\com.st.stm32cube.common.mx_6.13.0.202411220809\\db\/plugins/mcufinder/images/
2025-04-03 14:04:15,044 [INFO] ApiDb:250 - Set database path to: C:\Users\141584\.stmcufinder\plugins\mcufinder//mcu/
2025-04-03 14:04:15,046 [INFO] DbMcusAds:125 - Set database path to: C:\Users\141584\.stmcufinder\plugins\mcufinder//mcu/
2025-04-03 14:04:15,050 [INFO] CrossReferenceDbSqlite:203 - Set database path to: C:\Users\141584\.stmcufinder\plugins\mcufinder//mcu/cs/
2025-04-03 14:04:15,245 [INFO] RulesReader:64 - Compatibility file has been processed (297 Rules)
2025-04-03 14:04:15,384 [INFO] DbMcusXml:78 - Set database path to: C:\ST\STM32CubeIDE_1.17.0\STM32CubeIDE\plugins\com.st.stm32cube.common.mx_6.13.0.202411220809\\db\/mcu/
2025-04-03 14:04:15,384 [INFO] ApiDb:274 - Set plugin database path to: C:\ST\STM32CubeIDE_1.17.0\STM32CubeIDE\plugins\com.st.stm32cube.common.mx_6.13.0.202411220809\\db\/plugins/boardmanager/
2025-04-03 14:04:15,384 [INFO] ApiDb:261 - Set plugin images path to: C:\ST\STM32CubeIDE_1.17.0\STM32CubeIDE\plugins\com.st.stm32cube.common.mx_6.13.0.202411220809\\db\/plugins/mcufinder/images/
2025-04-03 14:04:15,385 [WARN] DbFile:41 - Overriding database path with different value: C:\Users\141584\.stmcufinder\plugins\mcufinder/ => C:\Users\141584\.stmcufinder\plugins\mcufinder
2025-04-03 14:04:15,385 [INFO] ApiDb:250 - Set database path to: C:\Users\141584\.stmcufinder\plugins\mcufinder//mcu/
2025-04-03 14:04:15,385 [WARN] DbFile:41 - Overriding database path with different value: C:\Users\141584\.stmcufinder\plugins\mcufinder/ => C:\Users\141584\.stmcufinder\plugins\mcufinder
2025-04-03 14:04:15,385 [INFO] DbMcusAds:125 - Set database path to: C:\Users\141584\.stmcufinder\plugins\mcufinder//mcu/
2025-04-03 14:04:15,385 [WARN] DbFile:41 - Overriding database path with different value: C:\Users\141584\.stmcufinder\plugins\mcufinder/ => C:\Users\141584\.stmcufinder\plugins\mcufinder
2025-04-03 14:04:15,385 [WARN] DbFile:41 - Overriding database path with different value: C:\Users\141584\.stmcufinder\plugins\mcufinder/ => C:\Users\141584\.stmcufinder\plugins\mcufinder
2025-04-03 14:04:15,385 [INFO] CrossReferenceDbSqlite:203 - Set database path to: C:\Users\141584\.stmcufinder\plugins\mcufinder//mcu/cs/
2025-04-03 14:04:15,513 [INFO] MainPanel:272 - HeapMemory: 268435456
2025-04-03 14:04:15,763 [INFO] DbMcusXml:78 - Set database path to: C:\ST\STM32CubeIDE_1.17.0\STM32CubeIDE\plugins\com.st.stm32cube.common.mx_6.13.0.202411220809\\db\/mcu/
2025-04-03 14:04:15,763 [INFO] ApiDb:274 - Set plugin database path to: C:\ST\STM32CubeIDE_1.17.0\STM32CubeIDE\plugins\com.st.stm32cube.common.mx_6.13.0.202411220809\\db\/plugins/boardmanager/
2025-04-03 14:04:15,763 [INFO] ApiDb:261 - Set plugin images path to: C:\ST\STM32CubeIDE_1.17.0\STM32CubeIDE\plugins\com.st.stm32cube.common.mx_6.13.0.202411220809\\db\/plugins/mcufinder/images/
2025-04-03 14:04:15,764 [WARN] DbFile:41 - Overriding database path with different value: C:\Users\141584\.stmcufinder\plugins\mcufinder/ => C:\Users\141584\.stmcufinder\plugins\mcufinder
2025-04-03 14:04:15,764 [INFO] ApiDb:250 - Set database path to: C:\Users\141584\.stmcufinder\plugins\mcufinder//mcu/
2025-04-03 14:04:15,764 [WARN] DbFile:41 - Overriding database path with different value: C:\Users\141584\.stmcufinder\plugins\mcufinder/ => C:\Users\141584\.stmcufinder\plugins\mcufinder
2025-04-03 14:04:15,764 [INFO] DbMcusAds:125 - Set database path to: C:\Users\141584\.stmcufinder\plugins\mcufinder//mcu/
2025-04-03 14:04:15,765 [WARN] DbFile:41 - Overriding database path with different value: C:\Users\141584\.stmcufinder\plugins\mcufinder/ => C:\Users\141584\.stmcufinder\plugins\mcufinder
2025-04-03 14:04:15,765 [WARN] DbFile:41 - Overriding database path with different value: C:\Users\141584\.stmcufinder\plugins\mcufinder/ => C:\Users\141584\.stmcufinder\plugins\mcufinder
2025-04-03 14:04:15,765 [INFO] CrossReferenceDbSqlite:203 - Set database path to: C:\Users\141584\.stmcufinder\plugins\mcufinder//mcu/cs/
2025-04-03 14:04:15,797 [INFO] ApplicationProperties:184 - Using Application install path: C:\ST\STM32CubeIDE_1.17.0\STM32CubeIDE\plugins\com.st.stm32cube.common.mx_6.13.0.202411220809
2025-04-03 14:04:15,798 [INFO] PluginManage:196 - Search for loadable plugins [exclusion list=, ]
2025-04-03 14:04:15,800 [INFO] PluginManage:310 - Check plugin analytics
2025-04-03 14:04:16,050 [INFO] AnalyticsPlugin:253 - Accepted Software Licenses: 
2025-04-03 14:04:16,051 [INFO] AnalyticsPlugin:255 - Accepted CMSIS Pack Licenses: 
2025-04-03 14:04:16,051 [INFO] AnalyticsPlugin:257 - Accepted Firmware Licenses: FW.F4.1.28.0
2025-04-03 14:04:16,055 [INFO] PluginManage:359 - Loaded plugin analytics (category:tool,tabindex:-1)
2025-04-03 14:04:16,056 [INFO] PluginManage:310 - Check plugin cadmodel
2025-04-03 14:04:16,087 [INFO] CADModel:105 - Init CAD model plugin
2025-04-03 14:04:16,087 [INFO] PluginManage:359 - Loaded plugin cadmodel (category:power,tabindex:5)
2025-04-03 14:04:16,088 [INFO] PluginManage:310 - Check plugin clock
2025-04-03 14:04:16,123 [INFO] PluginManage:359 - Loaded plugin clock (category:base,tabindex:2)
2025-04-03 14:04:16,125 [INFO] PluginManage:310 - Check plugin ddr
2025-04-03 14:04:16,129 [INFO] PluginManage:359 - Loaded plugin ddr (category:tool,tabindex:6)
2025-04-03 14:04:16,130 [INFO] PluginManage:310 - Check plugin filemanager
2025-04-03 14:04:16,355 [INFO] PluginManage:359 - Loaded plugin filemanager (category:base,tabindex:10)
2025-04-03 14:04:16,355 [INFO] PluginManage:310 - Check plugin ipmanager
2025-04-03 14:04:16,364 [INFO] PluginManage:359 - Loaded plugin ipmanager (category:base,tabindex:5)
2025-04-03 14:04:16,365 [INFO] PluginManage:310 - Check plugin lpbam
2025-04-03 14:04:16,414 [INFO] PluginManage:359 - Loaded plugin lpbam (category:base,tabindex:0)
2025-04-03 14:04:16,414 [INFO] PluginManage:310 - Check plugin memorymap
2025-04-03 14:04:16,484 [INFO] PluginManage:359 - Loaded plugin memorymap (category:base,tabindex:4)
2025-04-03 14:04:16,485 [INFO] PluginManage:310 - Check plugin pinoutandconfiguration
2025-04-03 14:04:16,543 [INFO] PluginManage:359 - Loaded plugin pinoutandconfiguration (category:base,tabindex:1)
2025-04-03 14:04:16,543 [INFO] PluginManage:310 - Check plugin pinoutconfig
2025-04-03 14:04:16,699 [WARN] SupportedApi:132 - Cannot load RTOS API schema: s4s-elt-must-match.1: The content of 'definitions' must match (annotation?, (simpleType | complexType)?, (unique | key | keyref)*)). A problem was found starting at: attribute.
2025-04-03 14:04:16,871 [INFO] PluginManage:359 - Loaded plugin pinoutconfig (category:base,tabindex:0)
2025-04-03 14:04:16,872 [INFO] PluginManage:310 - Check plugin power
2025-04-03 14:04:16,902 [INFO] PluginManage:359 - Loaded plugin power (category:power,tabindex:4)
2025-04-03 14:04:16,902 [INFO] PluginManage:310 - Check plugin projectmanager
2025-04-03 14:04:16,921 [INFO] PluginManage:359 - Loaded plugin projectmanager (category:projectmanager,tabindex:4)
2025-04-03 14:04:16,921 [INFO] PluginManage:310 - Check plugin rif
2025-04-03 14:04:16,950 [INFO] PluginManage:359 - Loaded plugin rif (category:base,tabindex:3)
2025-04-03 14:04:16,951 [INFO] PluginManage:310 - Check plugin thirdparty
2025-04-03 14:04:17,492 [WARN] IntegrityCheckThread:84 - waiting for thirdparty lock release [integrity check]
2025-04-03 14:04:17,492 [INFO] PluginManage:359 - Loaded plugin thirdparty (category:base,tabindex:-1)
2025-04-03 14:04:17,492 [INFO] IntegrityCheckThread:86 - entering critical section [integrity check]
2025-04-03 14:04:17,492 [INFO] PluginManage:310 - Check plugin tools
2025-04-03 14:04:17,492 [INFO] ThirdPartyUpdaterWithRetryManager:70 - Updater plugin not ready yet. [1/15]
2025-04-03 14:04:17,589 [INFO] PluginManage:359 - Loaded plugin tools (category:base,tabindex:7)
2025-04-03 14:04:17,589 [INFO] PluginManage:310 - Check plugin tutovideos
2025-04-03 14:04:18,002 [INFO] PluginManage:359 - Loaded plugin tutovideos (category:base,tabindex:-1)
2025-04-03 14:04:18,002 [INFO] PluginManage:310 - Check plugin updater
2025-04-03 14:04:18,053 [INFO] PluginManage:359 - Loaded plugin updater (category:base,tabindex:12)
2025-04-03 14:04:18,054 [INFO] PluginManage:310 - Check plugin userauth
2025-04-03 14:04:18,064 [INFO] UserAuth:118 - Init User Auth plugin
2025-04-03 14:04:18,066 [INFO] PluginManage:359 - Loaded plugin userauth (category:base,tabindex:14)
2025-04-03 14:04:18,068 [INFO] PluginManage:283 - PluginManage : Loaded plugins [18]
2025-04-03 14:04:18,517 [INFO] PinOutPanel:1589 - setPackage(No Configuration,No Configuration)
2025-04-03 14:04:18,710 [INFO] CADModel:165 - CPN selected for project level
2025-04-03 14:04:18,710 [INFO] CADModel:114 - Register for checkConnection events
2025-04-03 14:04:18,775 [INFO] IPUIPlugin:80 - create IPUIPlugin
2025-04-03 14:04:18,775 [INFO] PluginManager:220 - loadIPPluginJar : add adc
2025-04-03 14:04:18,912 [INFO] IPUIPlugin:80 - create IPUIPlugin
2025-04-03 14:04:18,912 [INFO] PluginManager:220 - loadIPPluginJar : add aes
2025-04-03 14:04:19,028 [INFO] IPUIPlugin:80 - create IPUIPlugin
2025-04-03 14:04:19,029 [INFO] PluginManager:220 - loadIPPluginJar : add can
2025-04-03 14:04:19,108 [INFO] IPUIPlugin:80 - create IPUIPlugin
2025-04-03 14:04:19,108 [INFO] PluginManager:220 - loadIPPluginJar : add comp
2025-04-03 14:04:19,218 [INFO] IPUIPlugin:80 - create IPUIPlugin
2025-04-03 14:04:19,218 [INFO] PluginManager:220 - loadIPPluginJar : add cryp
2025-04-03 14:04:19,246 [INFO] IPUIPlugin:80 - create IPUIPlugin
2025-04-03 14:04:19,246 [INFO] PluginManager:220 - loadIPPluginJar : add ddr_ctrl_phy
2025-04-03 14:04:19,350 [INFO] IPUIPlugin:80 - create IPUIPlugin
2025-04-03 14:04:19,351 [INFO] PluginManager:220 - loadIPPluginJar : add dfsdm
2025-04-03 14:04:19,385 [INFO] IPUIPlugin:80 - create IPUIPlugin
2025-04-03 14:04:19,387 [INFO] PluginManager:220 - loadIPPluginJar : add dma
2025-04-03 14:04:19,499 [INFO] IPUIPlugin:80 - create IPUIPlugin
2025-04-03 14:04:19,500 [INFO] PluginManager:220 - loadIPPluginJar : add dma3
2025-04-03 14:04:19,603 [INFO] IPUIPlugin:80 - create IPUIPlugin
2025-04-03 14:04:19,604 [INFO] PluginManager:220 - loadIPPluginJar : add extmemmanager
2025-04-03 14:04:19,681 [INFO] IPUIPlugin:80 - create IPUIPlugin
2025-04-03 14:04:19,681 [INFO] PluginManager:220 - loadIPPluginJar : add fatfs
2025-04-03 14:04:19,833 [INFO] IPUIPlugin:80 - create IPUIPlugin
2025-04-03 14:04:19,833 [INFO] PluginManager:220 - loadIPPluginJar : add fmc
2025-04-03 14:04:19,867 [INFO] IPUIPlugin:80 - create IPUIPlugin
2025-04-03 14:04:19,868 [INFO] PluginManager:220 - loadIPPluginJar : add freertos
2025-04-03 14:04:19,916 [INFO] IPUIPlugin:80 - create IPUIPlugin
2025-04-03 14:04:19,916 [INFO] PluginManager:220 - loadIPPluginJar : add genericplugin
2025-04-03 14:04:20,268 [INFO] IPUIPlugin:80 - create IPUIPlugin
2025-04-03 14:04:20,269 [INFO] PluginManager:220 - loadIPPluginJar : add gfxmmu
2025-04-03 14:04:20,494 [INFO] ThirdPartyUpdaterWithRetryManager:70 - Updater plugin not ready yet. [2/15]
2025-04-03 14:04:20,800 [INFO] IPUIPlugin:80 - create IPUIPlugin
2025-04-03 14:04:20,801 [INFO] PluginManager:220 - loadIPPluginJar : add gic
2025-04-03 14:04:20,836 [INFO] IPUIPlugin:80 - create IPUIPlugin
2025-04-03 14:04:20,836 [INFO] PluginManager:220 - loadIPPluginJar : add gpio
2025-04-03 14:04:21,167 [INFO] IPUIPlugin:80 - create IPUIPlugin
2025-04-03 14:04:21,167 [INFO] PluginManager:220 - loadIPPluginJar : add gtzc
2025-04-03 14:04:21,297 [INFO] IPUIPlugin:80 - create IPUIPlugin
2025-04-03 14:04:21,298 [INFO] PluginManager:220 - loadIPPluginJar : add hash
2025-04-03 14:04:21,511 [INFO] IPUIPlugin:80 - create IPUIPlugin
2025-04-03 14:04:21,511 [INFO] PluginManager:220 - loadIPPluginJar : add i2c
2025-04-03 14:04:21,663 [INFO] IPUIPlugin:80 - create IPUIPlugin
2025-04-03 14:04:21,664 [INFO] PluginManager:220 - loadIPPluginJar : add i2s
2025-04-03 14:04:21,765 [INFO] IPUIPlugin:80 - create IPUIPlugin
2025-04-03 14:04:21,765 [INFO] PluginManager:220 - loadIPPluginJar : add i3c
2025-04-03 14:04:21,974 [INFO] IPUIPlugin:80 - create IPUIPlugin
2025-04-03 14:04:21,975 [INFO] PluginManager:220 - loadIPPluginJar : add ipddr
2025-04-03 14:04:22,150 [INFO] IPUIPlugin:80 - create IPUIPlugin
2025-04-03 14:04:22,150 [INFO] PluginManager:220 - loadIPPluginJar : add linkedlist
2025-04-03 14:04:22,234 [INFO] IPUIPlugin:80 - create IPUIPlugin
2025-04-03 14:04:22,234 [INFO] PluginManager:220 - loadIPPluginJar : add lorawan
2025-04-03 14:04:22,332 [INFO] IPUIPlugin:80 - create IPUIPlugin
2025-04-03 14:04:22,333 [INFO] PluginManager:220 - loadIPPluginJar : add ltdc
2025-04-03 14:04:22,366 [INFO] IPUIPlugin:80 - create IPUIPlugin
2025-04-03 14:04:22,366 [INFO] PluginManager:220 - loadIPPluginJar : add mdma
2025-04-03 14:04:22,395 [INFO] IPUIPlugin:80 - create IPUIPlugin
2025-04-03 14:04:22,396 [INFO] PluginManager:220 - loadIPPluginJar : add nvic
2025-04-03 14:04:22,503 [INFO] IPUIPlugin:80 - create IPUIPlugin
2025-04-03 14:04:22,504 [INFO] PluginManager:220 - loadIPPluginJar : add opamp
2025-04-03 14:04:22,686 [INFO] IPUIPlugin:80 - create IPUIPlugin
2025-04-03 14:04:22,687 [INFO] PluginManager:220 - loadIPPluginJar : add openamp
2025-04-03 14:04:22,841 [INFO] IPUIPlugin:80 - create IPUIPlugin
2025-04-03 14:04:22,841 [INFO] PluginManager:220 - loadIPPluginJar : add pdm2pcm
2025-04-03 14:04:22,876 [INFO] IPUIPlugin:80 - create IPUIPlugin
2025-04-03 14:04:22,880 [INFO] PluginManager:220 - loadIPPluginJar : add plateformsettings
2025-04-03 14:04:22,966 [INFO] IPUIPlugin:80 - create IPUIPlugin
2025-04-03 14:04:22,967 [INFO] PluginManager:220 - loadIPPluginJar : add quadspi
2025-04-03 14:04:23,045 [INFO] IPUIPlugin:80 - create IPUIPlugin
2025-04-03 14:04:23,047 [INFO] PluginManager:220 - loadIPPluginJar : add radio
2025-04-03 14:04:23,079 [INFO] IPUIPlugin:80 - create IPUIPlugin
2025-04-03 14:04:23,079 [INFO] PluginManager:220 - loadIPPluginJar : add resmgrutility
2025-04-03 14:04:23,236 [INFO] IPUIPlugin:80 - create IPUIPlugin
2025-04-03 14:04:23,237 [INFO] PluginManager:220 - loadIPPluginJar : add sai
2025-04-03 14:04:23,350 [INFO] IPUIPlugin:80 - create IPUIPlugin
2025-04-03 14:04:23,350 [INFO] PluginManager:220 - loadIPPluginJar : add spi
2025-04-03 14:04:23,495 [INFO] ThirdPartyUpdaterWithRetryManager:70 - Updater plugin not ready yet. [3/15]
2025-04-03 14:04:23,593 [INFO] IPUIPlugin:80 - create IPUIPlugin
2025-04-03 14:04:23,593 [INFO] PluginManager:220 - loadIPPluginJar : add stm32_wpan
2025-04-03 14:04:23,663 [INFO] IPUIPlugin:80 - create IPUIPlugin
2025-04-03 14:04:23,663 [INFO] PluginManager:220 - loadIPPluginJar : add tim
2025-04-03 14:04:23,902 [INFO] IPUIPlugin:80 - create IPUIPlugin
2025-04-03 14:04:23,903 [INFO] PluginManager:220 - loadIPPluginJar : add touchsensing
2025-04-03 14:04:23,995 [INFO] IPUIPlugin:80 - create IPUIPlugin
2025-04-03 14:04:23,995 [INFO] PluginManager:220 - loadIPPluginJar : add tracer_emb
2025-04-03 14:04:24,078 [INFO] IPUIPlugin:80 - create IPUIPlugin
2025-04-03 14:04:24,078 [INFO] PluginManager:220 - loadIPPluginJar : add ts
2025-04-03 14:04:24,171 [INFO] IPUIPlugin:80 - create IPUIPlugin
2025-04-03 14:04:24,171 [INFO] PluginManager:220 - loadIPPluginJar : add tsc
2025-04-03 14:04:24,245 [INFO] IPUIPlugin:80 - create IPUIPlugin
2025-04-03 14:04:24,245 [INFO] PluginManager:220 - loadIPPluginJar : add ucpd
2025-04-03 14:04:24,426 [INFO] IPUIPlugin:80 - create IPUIPlugin
2025-04-03 14:04:24,426 [INFO] PluginManager:220 - loadIPPluginJar : add usart
2025-04-03 14:04:24,596 [INFO] IPUIPlugin:80 - create IPUIPlugin
2025-04-03 14:04:24,597 [INFO] PluginManager:220 - loadIPPluginJar : add usbx
2025-04-03 14:04:24,807 [FATAL] Updater:351 - Updater called before beeing initialized
2025-04-03 14:04:24,857 [INFO] RulesReader:64 - Compatibility file has been processed (297 Rules)
2025-04-03 14:04:24,879 [INFO] RulesReader:64 - Compatibility file has been processed (297 Rules)
2025-04-03 14:04:24,897 [INFO] CADModel:165 - CPN selected for project level
2025-04-03 14:04:24,897 [INFO] CADModel:114 - Register for checkConnection events
2025-04-03 14:04:24,898 [FATAL] Updater:351 - Updater called before beeing initialized
2025-04-03 14:04:24,898 [ERROR] CADModel:125 - Updater not yet initialized, retry later 
2025-04-03 14:04:25,191 [FATAL] Updater:351 - Updater called before beeing initialized
2025-04-03 14:04:25,196 [INFO] CADModel:165 - CPN selected for project level
2025-04-03 14:04:25,196 [INFO] CADModel:114 - Register for checkConnection events
2025-04-03 14:04:25,197 [FATAL] Updater:351 - Updater called before beeing initialized
2025-04-03 14:04:25,197 [ERROR] CADModel:125 - Updater not yet initialized, retry later 
2025-04-03 14:04:25,203 [FATAL] Updater:351 - Updater called before beeing initialized
2025-04-03 14:04:25,433 [FATAL] Updater:351 - Updater called before beeing initialized
2025-04-03 14:04:25,462 [INFO] DbMcusAds:53 - JSON generation date=Thu Mar 06 20:24:21 IST 2025 (1741272861825)
2025-04-03 14:04:25,463 [FATAL] Updater:351 - Updater called before beeing initialized
2025-04-03 14:04:25,582 [WARN] DetailPanel:346 - Failed to get advertising image, set to default
2025-04-03 14:04:26,219 [FATAL] Updater:351 - Updater called before beeing initialized
2025-04-03 14:04:26,224 [FATAL] Updater:351 - Updater called before beeing initialized
2025-04-03 14:04:26,225 [FATAL] Updater:351 - Updater called before beeing initialized
2025-04-03 14:04:26,225 [WARN] DetailPanel:346 - Failed to get advertising image, set to default
2025-04-03 14:04:26,227 [FATAL] Updater:351 - Updater called before beeing initialized
2025-04-03 14:04:26,358 [ERROR] Updater:1198 - MainUpdater not yet initialized. External WinMGr cannot be set.
2025-04-03 14:04:26,393 [INFO] Updater:1134 - Updater Version found : 6.13.0
2025-04-03 14:04:26,447 [INFO] ApplicationProperties:184 - Using Application install path: C:\ST\STM32CubeIDE_1.17.0\STM32CubeIDE\plugins\com.st.stm32cube.common.mx_6.13.0.202411220809
2025-04-03 14:04:26,497 [INFO] ThirdPartyUpdaterWithRetryManager:70 - Updater plugin not ready yet. [4/15]
2025-04-03 14:04:28,065 [ERROR] LogOutputStream:75 - [STDERR_REDIRECT] Apr 03, 2025 2:04:28 PM java.util.prefs.WindowsPreferences <init>
2025-04-03 14:04:28,069 [ERROR] LogOutputStream:75 - [STDERR_REDIRECT] WARNING: Could not open/create prefs root node Software\JavaSoft\Prefs at root 0xffffffff80000002. Windows RegCreateKeyEx(...) returned error code 5.
2025-04-03 14:04:28,069 [ERROR] LogOutputStream:75 - [STDERR_REDIRECT] 
2025-04-03 14:04:28,684 [INFO] MainUpdater:2872 - connection check result : 10
2025-04-03 14:04:28,684 [INFO] MainUpdater:3566 - Updater definition file requires update
2025-04-03 14:04:28,685 [INFO] MainUpdater:289 - Updater Check For Update Now.
2025-04-03 14:04:28,685 [INFO] MicroXplorer:498 - Change Database Version : DB.6.0.130
2025-04-03 14:04:28,719 [INFO] McuFinderGlobals:63 - Set McuFinder mode to 2 (CubeIDE integrated)
2025-04-03 14:04:28,720 [INFO] UserAuth:171 - activating auth plugin
2025-04-03 14:04:28,725 [INFO] UserAuth:486 - Internet connection configuration mode: 1
2025-04-03 14:04:28,783 [INFO] ServerAccessManage:473 - Download File updaters.zip
2025-04-03 14:04:28,800 [INFO] JxBrowserEngine:152 - Initiate JxBrowser Engine with user profile folder
2025-04-03 14:04:28,930 [INFO] FileExtend:240 - Unzip File : updaters.zip
2025-04-03 14:04:28,930 [INFO] FileExtend:255 - Standard Zip Deflate
2025-04-03 14:04:29,534 [WARN] MainUpdater:1193 - Updater busy. Cannot search thirdparties
2025-04-03 14:04:29,535 [INFO] ThirdPartyUpdaterWithRetryManager:96 - Updater plugin is busy. [1/15]
2025-04-03 14:04:30,728 [INFO] ServerAccessManage:473 - Download File PacksControlFlags.xml
2025-04-03 14:04:30,914 [INFO] ServerAccessManage:473 - Download File cubemx.pidx
2025-04-03 14:04:32,559 [WARN] MainUpdater:1193 - Updater busy. Cannot search thirdparties
2025-04-03 14:04:32,559 [INFO] ThirdPartyUpdaterWithRetryManager:96 - Updater plugin is busy. [2/15]
2025-04-03 14:04:33,089 [INFO] ServerAccessManage:473 - Download File STMicroelectronics.X-CUBE-DPOWER.pdsc
2025-04-03 14:04:33,455 [INFO] WebApp:168 - Instantiating new browser for Auth
2025-04-03 14:04:33,727 [ERROR] ServerAccessManage:1089 - Problem, file not found on Server
2025-04-03 14:04:34,194 [ERROR] ServerAccessManage:1089 - Problem, file not found on Server
2025-04-03 14:04:34,639 [ERROR] ServerAccessManage:1089 - Problem, file not found on Server
2025-04-03 14:04:35,050 [INFO] WebApp:449 - Apply proxy settings
2025-04-03 14:04:35,051 [INFO] WebApp:534 - Chromium requires no authentication
2025-04-03 14:04:35,068 [INFO] WebApp:477 - Direct internet connection detected
2025-04-03 14:04:35,171 [ERROR] ServerAccessManage:1089 - Problem, file not found on Server
2025-04-03 14:04:35,190 [INFO] WebApp:880 - Register for checkConnection events
2025-04-03 14:04:35,190 [INFO] WebApp:449 - Apply proxy settings
2025-04-03 14:04:35,190 [INFO] WebApp:534 - Chromium requires no authentication
2025-04-03 14:04:35,191 [INFO] WebApp:477 - Direct internet connection detected
2025-04-03 14:04:35,563 [WARN] MainUpdater:1193 - Updater busy. Cannot search thirdparties
2025-04-03 14:04:35,564 [INFO] ThirdPartyUpdaterWithRetryManager:96 - Updater plugin is busy. [3/15]
2025-04-03 14:04:35,564 [INFO] WebApp:221 - Starting web application
2025-04-03 14:04:35,565 [INFO] WebApp:579 - Web application path used C:\ST\STM32CubeIDE_1.17.0\STM32CubeIDE\plugins\com.st.stm32cube.common.mx_6.13.0.202411220809\db\plugins\mcufinder\reactClient1\index.html
2025-04-03 14:04:35,613 [ERROR] ServerAccessManage:1089 - Problem, file not found on Server
2025-04-03 14:04:35,796 [INFO] WebApp:187 - Connection restablished
2025-04-03 14:04:35,901 [ERROR] ServerAccessManage:1089 - Problem, file not found on Server
2025-04-03 14:04:36,414 [ERROR] ServerAccessManage:1089 - Problem, file not found on Server
2025-04-03 14:04:36,885 [ERROR] ServerAccessManage:1089 - Problem, file not found on Server
2025-04-03 14:04:37,348 [ERROR] ServerAccessManage:1089 - Problem, file not found on Server
2025-04-03 14:04:37,923 [ERROR] ServerAccessManage:1089 - Problem, file not found on Server
2025-04-03 14:04:38,170 [ERROR] ServerAccessManage:1089 - Problem, file not found on Server
2025-04-03 14:04:38,579 [WARN] MainUpdater:1193 - Updater busy. Cannot search thirdparties
2025-04-03 14:04:38,579 [INFO] ThirdPartyUpdaterWithRetryManager:96 - Updater plugin is busy. [4/15]
2025-04-03 14:04:39,023 [INFO] WebApp:190 - Connection lost
2025-04-03 14:04:39,363 [INFO] WebApp:187 - Connection restablished
2025-04-03 14:04:40,912 [INFO] WebApp:190 - Connection lost
2025-04-03 14:04:41,173 [INFO] WebApp:187 - Connection restablished
2025-04-03 14:04:41,627 [WARN] MainUpdater:1193 - Updater busy. Cannot search thirdparties
2025-04-03 14:04:41,628 [INFO] ThirdPartyUpdaterWithRetryManager:96 - Updater plugin is busy. [5/15]
2025-04-03 14:04:41,673 [WARN] PackLoader:240 - Cannot read IP mode file for STMicroelectronics.X-CUBE-DPower.1.3.0
2025-04-03 14:04:41,676 [INFO] PopulateThirdPartyThread:66 - Ending populate Thread
2025-04-03 14:04:41,677 [INFO] ThirdParty:1030 - CMSIS Pack Vendor :STMicroelectronics X-CUBE-DPower 1.3.0
2025-04-03 14:04:41,678 [INFO] LoadServerUpdatesThread:375 - End of LoadServerUpdate Thread
2025-04-03 14:04:41,984 [INFO] CheckServerUpdateThread:120 - End of CheckServer Thread
2025-04-03 14:04:45,215 [WARN] PackLoader:240 - Cannot read IP mode file for STMicroelectronics.FP-SNS-MOTENVWB1.1.4.0
2025-04-03 14:04:45,224 [WARN] PackLoader:240 - Cannot read IP mode file for STMicroelectronics.FP-ATR-ASTRA1.2.0.2
2025-04-03 14:04:45,255 [WARN] PackLoader:240 - Cannot read IP mode file for STMicroelectronics.X-CUBE-SMBUS.2.1.0
2025-04-03 14:04:45,297 [WARN] PackLoader:240 - Cannot read IP mode file for STMicroelectronics.X-CUBE-WB05N.1.1.0
2025-04-03 14:04:45,382 [WARN] PackLoader:240 - Cannot read IP mode file for STMicroelectronics.X-CUBE-AZRTOS-F7.1.1.0
2025-04-03 14:04:45,425 [WARN] PackLoader:240 - Cannot read IP mode file for STMicroelectronics.FP-SNS-FLIGHT1.5.0.2
2025-04-03 14:04:45,531 [WARN] PackLoader:240 - Cannot read IP mode file for Infineon.AIROC-Wi-Fi-Bluetooth-STM32.1.7.0
2025-04-03 14:04:45,568 [WARN] PackLoader:240 - Cannot read IP mode file for STMicroelectronics.X-CUBE-DISPLAY.3.0.0
2025-04-03 14:04:45,612 [WARN] PackLoader:240 - Cannot read IP mode file for STMicroelectronics.X-CUBE-BLE1.7.0.0
2025-04-03 14:04:45,652 [WARN] PackLoader:240 - Cannot read IP mode file for STMicroelectronics.X-CUBE-NFC10.1.0.0
2025-04-03 14:04:45,715 [WARN] PackLoader:240 - Cannot read IP mode file for STMicroelectronics.X-CUBE-BLEMGR.4.0.0
2025-04-03 14:04:45,757 [WARN] PackLoader:240 - Cannot read IP mode file for emotas.I-CUBE-CANOPEN.1.3.0
2025-04-03 14:04:45,803 [WARN] PackLoader:240 - Cannot read IP mode file for STMicroelectronics.X-CUBE-AI.10.0.0
2025-04-03 14:04:45,847 [WARN] PackLoader:240 - Cannot read IP mode file for STMicroelectronics.FP-SNS-SMARTAG2.1.2.0
2025-04-03 14:04:45,852 [WARN] PackLoader:240 - Cannot read IP mode file for STMicroelectronics.FP-SNS-FLIGHT1.5.1.0
2025-04-03 14:04:46,018 [WARN] PackLoader:240 - Cannot read IP mode file for STMicroelectronics.X-CUBE-MEMS1.11.1.0
2025-04-03 14:04:46,424 [INFO] LogOutputStream:77 - [STDOUT_REDIRECT] 1 : Invalid condition id : UX_CORESTACK_Condition cause : null
2025-04-03 14:04:46,424 [INFO] LogOutputStream:77 - [STDOUT_REDIRECT] 1 : Invalid condition id : UX_CORESTACK_Condition cause : null
2025-04-03 14:04:46,429 [INFO] LogOutputStream:77 - [STDOUT_REDIRECT] 1 : Invalid condition id : UX_CORESTACK_Condition cause : null
2025-04-03 14:04:46,433 [INFO] LogOutputStream:77 - [STDOUT_REDIRECT] 1 : Invalid condition id : UX_CORESTACK_Condition cause : null
2025-04-03 14:04:46,435 [INFO] LogOutputStream:77 - [STDOUT_REDIRECT] 1 : Invalid condition id : UX_CORESTACK_Condition cause : null
2025-04-03 14:04:46,439 [WARN] PackLoader:240 - Cannot read IP mode file for STMicroelectronics.X-CUBE-AZRTOS-WL.2.0.0
2025-04-03 14:04:46,471 [WARN] PackLoader:240 - Cannot read IP mode file for STMicroelectronics.FP-SNS-MOTENV1.5.0.0
2025-04-03 14:04:46,501 [WARN] PackLoader:240 - Cannot read IP mode file for WES.I-CUBE-Cesium.1.3.0
2025-04-03 14:04:46,529 [WARN] PackLoader:240 - Cannot read IP mode file for STMicroelectronics.X-CUBE-BLE2.3.3.0
2025-04-03 14:04:46,555 [WARN] PackLoader:240 - Cannot read IP mode file for STMicroelectronics.X-CUBE-NFC9.1.0.0
2025-04-03 14:04:46,579 [WARN] PackLoader:240 - Cannot read IP mode file for STMicroelectronics.X-CUBE-BLE1.7.1.0
2025-04-03 14:04:46,586 [WARN] PackLoader:240 - Cannot read IP mode file for wolfSSL.I-CUBE-wolfMQTT.1.19.2
2025-04-03 14:04:46,634 [WARN] PackLoader:240 - Cannot read IP mode file for STMicroelectronics.X-CUBE-AZRTOS-G0.1.1.0
2025-04-03 14:04:46,664 [WARN] PackLoader:240 - Cannot read IP mode file for STMicroelectronics.X-CUBE-SAFEA1.1.2.2
2025-04-03 14:04:46,689 [WARN] PackLoader:240 - Cannot read IP mode file for STMicroelectronics.X-CUBE-NFC4.3.0.0
2025-04-03 14:04:46,718 [WARN] PackLoader:240 - Cannot read IP mode file for EmbeddedOffice.I-CUBE-FS-RTOS.1.0.1
2025-04-03 14:04:46,729 [WARN] PackLoader:240 - Cannot read IP mode file for wolfSSL.I-CUBE-wolfTPM.3.8.0
2025-04-03 14:04:46,755 [WARN] PackLoader:240 - Cannot read IP mode file for STMicroelectronics.X-CUBE-TCPP.4.2.0
2025-04-03 14:04:46,784 [WARN] PackLoader:240 - Cannot read IP mode file for RealThread.X-CUBE-RT-Thread_Nano.4.1.1
2025-04-03 14:04:46,792 [WARN] PackLoader:240 - Cannot read IP mode file for STMicroelectronics.FP-ATR-SIGFOX1.3.2.0
2025-04-03 14:04:46,798 [WARN] ConditionMgr:438 - getConditionDescription Invalid condition id : Cortex-A Device cause : null
2025-04-03 14:04:46,834 [WARN] ConditionMgr:1044 - genDependencies : Invalid condition id : Cortex-A Device cause : null
2025-04-03 14:04:46,834 [WARN] ConditionMgr:1044 - genDependencies : Invalid condition id : Cortex-A Device cause : null
2025-04-03 14:04:46,834 [WARN] ConditionMgr:1044 - genDependencies : Invalid condition id : Cortex-A Device cause : null
2025-04-03 14:04:46,861 [WARN] PackLoader:240 - Cannot read IP mode file for STMicroelectronics.X-CUBE-EEPRMA1.5.1.0
2025-04-03 14:04:46,884 [WARN] PackLoader:240 - Cannot read IP mode file for wolfSSL.I-CUBE-wolfSSL.5.7.6
2025-04-03 14:04:46,912 [WARN] PackLoader:240 - Cannot read IP mode file for ITTIA_DB.I-CUBE-ITTIADB.8.9.0
2025-04-03 14:04:47,011 [WARN] PackLoader:240 - Cannot read IP mode file for SEGGER.I-CUBE-embOS.1.3.1
2025-04-03 14:04:47,100 [WARN] PackLoader:240 - Cannot read IP mode file for STMicroelectronics.X-CUBE-ALGOBUILD.1.4.0
2025-04-03 14:04:47,153 [WARN] PackLoader:240 - Cannot read IP mode file for STMicroelectronics.X-CUBE-AZRTOS-F4.1.1.0
2025-04-03 14:04:47,195 [WARN] PackLoader:240 - Cannot read IP mode file for STMicroelectronics.X-CUBE-ISPU.2.1.0
2025-04-03 14:04:47,254 [WARN] PackLoader:240 - Cannot read IP mode file for STMicroelectronics.X-CUBE-AZRTOS-L5.2.0.0
2025-04-03 14:04:47,285 [WARN] PackLoader:240 - Cannot read IP mode file for STMicroelectronics.X-CUBE-NFC6.3.1.0
2025-04-03 14:04:47,313 [WARN] PackLoader:240 - Cannot read IP mode file for STMicroelectronics.X-CUBE-DPower.1.2.0
2025-04-03 14:04:47,336 [WARN] PackLoader:240 - Cannot read IP mode file for STMicroelectronics.X-CUBE-FREERTOS.1.3.0
2025-04-03 14:04:47,362 [WARN] PackLoader:240 - Cannot read IP mode file for STMicroelectronics.X-CUBE-NFC7.1.0.1
2025-04-03 14:04:47,368 [WARN] PackLoader:240 - Cannot read IP mode file for STMicroelectronics.X-CUBE-DPower.1.3.0
2025-04-03 14:04:47,421 [WARN] ConditionMgr:438 - getConditionDescription Invalid condition id : LAN8742 Phy interface Condition cause : null
2025-04-03 14:04:47,422 [WARN] PackLoader:240 - Cannot read IP mode file for STMicroelectronics.X-CUBE-AZRTOS-L4.2.0.0
2025-04-03 14:04:47,423 [WARN] ConditionMgr:1044 - genDependencies : Invalid condition id : LAN8742 Phy interface Condition cause : null
2025-04-03 14:04:47,423 [WARN] ConditionMgr:1044 - genDependencies : Invalid condition id : LAN8742 Phy interface Condition cause : null
2025-04-03 14:04:47,424 [WARN] ConditionMgr:1044 - genDependencies : Invalid condition id : LAN8742 Phy interface Condition cause : null
2025-04-03 14:04:47,457 [WARN] PackLoader:240 - Cannot read IP mode file for STMicroelectronics.X-CUBE-SFXS2LP1.4.0.0
2025-04-03 14:04:47,510 [WARN] PackLoader:240 - Cannot read IP mode file for STMicroelectronics.X-CUBE-AZRTOS-H7.3.3.0
2025-04-03 14:04:47,600 [WARN] ConditionMgr:438 - getConditionDescription Invalid condition id : UX DEVICE CLASS RTOS Condition cause : null
2025-04-03 14:04:47,600 [WARN] ConditionMgr:438 - getConditionDescription Invalid condition id : UX DEVICE CLASS RTOS Condition cause : null
2025-04-03 14:04:47,603 [WARN] PackLoader:240 - Cannot read IP mode file for STMicroelectronics.X-CUBE-AZRTOS-WB.2.0.0
2025-04-03 14:04:47,604 [WARN] ConditionMgr:1044 - genDependencies : Invalid condition id : UX DEVICE CLASS RTOS Condition cause : null
2025-04-03 14:04:47,604 [WARN] ConditionMgr:1044 - genDependencies : Invalid condition id : UX DEVICE CLASS RTOS Condition cause : null
2025-04-03 14:04:47,605 [WARN] ConditionMgr:1044 - genDependencies : Invalid condition id : UX DEVICE CLASS RTOS Condition cause : null
2025-04-03 14:04:47,605 [WARN] ConditionMgr:1044 - genDependencies : Invalid condition id : UX DEVICE CLASS RTOS Condition cause : null
2025-04-03 14:04:47,605 [WARN] ConditionMgr:1044 - genDependencies : Invalid condition id : UX DEVICE CLASS RTOS Condition cause : null
2025-04-03 14:04:47,698 [WARN] PackLoader:240 - Cannot read IP mode file for STMicroelectronics.X-CUBE-GNSS1.7.0.1
2025-04-03 14:04:47,740 [WARN] PackLoader:240 - Cannot read IP mode file for STMicroelectronics.X-CUBE-TOUCHGFX.4.25.0
2025-04-03 14:04:47,799 [WARN] PackLoader:240 - Cannot read IP mode file for STMicroelectronics.FP-SNS-STBOX1.2.0.0
2025-04-03 14:04:47,847 [WARN] PackLoader:240 - Cannot read IP mode file for STMicroelectronics.X-CUBE-SUBG2.5.0.0
2025-04-03 14:04:47,934 [WARN] PackLoader:240 - Cannot read IP mode file for STMicroelectronics.X-CUBE-AZRTOS-H7RS.1.1.0
2025-04-03 14:04:47,950 [WARN] PackLoader:240 - Cannot read IP mode file for Cesanta.I-CUBE-Mongoose.7.13.0
2025-04-03 14:04:48,013 [WARN] PackLoader:240 - Cannot read IP mode file for STMicroelectronics.X-CUBE-AZRTOS-G4.2.0.0
2025-04-03 14:04:48,023 [WARN] PackLoader:240 - Cannot read IP mode file for wolfSSL.I-CUBE-wolfSSH.1.4.20
2025-04-03 14:04:48,077 [WARN] PackLoader:240 - Cannot read IP mode file for STMicroelectronics.X-CUBE-IPS.3.1.0
2025-04-03 14:04:48,117 [WARN] PackLoader:240 - Cannot read IP mode file for STMicroelectronics.X-CUBE-ALS.1.0.2
2025-04-03 14:04:48,184 [WARN] PackLoader:240 - Cannot read IP mode file for STMicroelectronics.X-CUBE-TOUCHGFX.4.24.2
2025-04-03 14:04:48,247 [WARN] PackLoader:240 - Cannot read IP mode file for portGmbH.I-Cube-SoM-uGOAL.1.1.0
2025-04-03 14:04:48,315 [WARN] PackLoader:240 - Cannot read IP mode file for STMicroelectronics.X-CUBE-AZRTOS-H7RS.1.0.0
2025-04-03 14:04:48,372 [WARN] PackLoader:240 - Cannot read IP mode file for STMicroelectronics.X-CUBE-TOF1.3.4.2
2025-04-03 14:04:48,386 [INFO] ThirdParty:978 - Integrity check success = true
2025-04-03 14:04:48,386 [INFO] IntegrityCheckThread:100 - exiting critical section [integrity check]
2025-04-03 14:04:48,386 [INFO] IntegrityCheckThread:103 - End integrity checks thread
2025-04-03 14:07:05,961 [ERROR] LogOutputStream:75 - [STDERR_REDIRECT] 
